{"D:\\Programming\\Projects\\scratch-components\\src\\ScratchComponent.js": {"path":"D:\\Programming\\Projects\\scratch-components\\src\\ScratchComponent.js","statementMap":{"0":{"start":{"line":9,"column":21},"end":{"line":9,"column":23}},"1":{"start":{"line":10,"column":16},"end":{"line":10,"column":29}},"2":{"start":{"line":14,"column":8},"end":{"line":20,"column":9}},"3":{"start":{"line":15,"column":12},"end":{"line":15,"column":78}},"4":{"start":{"line":16,"column":15},"end":{"line":20,"column":9}},"5":{"start":{"line":17,"column":12},"end":{"line":17,"column":86}},"6":{"start":{"line":19,"column":12},"end":{"line":19,"column":68}},"7":{"start":{"line":22,"column":8},"end":{"line":25,"column":9}},"8":{"start":{"line":23,"column":12},"end":{"line":23,"column":36}},"9":{"start":{"line":24,"column":12},"end":{"line":24,"column":43}},"10":{"start":{"line":29,"column":8},"end":{"line":29,"column":46}},"11":{"start":{"line":30,"column":8},"end":{"line":30,"column":37}},"12":{"start":{"line":31,"column":8},"end":{"line":31,"column":39}},"13":{"start":{"line":32,"column":8},"end":{"line":32,"column":36}},"14":{"start":{"line":33,"column":8},"end":{"line":33,"column":42}},"15":{"start":{"line":34,"column":8},"end":{"line":34,"column":49}},"16":{"start":{"line":35,"column":8},"end":{"line":35,"column":53}},"17":{"start":{"line":36,"column":8},"end":{"line":36,"column":38}},"18":{"start":{"line":40,"column":8},"end":{"line":40,"column":65}},"19":{"start":{"line":41,"column":8},"end":{"line":41,"column":76}},"20":{"start":{"line":42,"column":8},"end":{"line":42,"column":45}},"21":{"start":{"line":43,"column":8},"end":{"line":43,"column":36}},"22":{"start":{"line":44,"column":8},"end":{"line":44,"column":53}},"23":{"start":{"line":45,"column":8},"end":{"line":45,"column":56}},"24":{"start":{"line":46,"column":8},"end":{"line":46,"column":42}},"25":{"start":{"line":47,"column":8},"end":{"line":47,"column":49}},"26":{"start":{"line":48,"column":8},"end":{"line":48,"column":38}},"27":{"start":{"line":52,"column":8},"end":{"line":52,"column":36}},"28":{"start":{"line":53,"column":8},"end":{"line":53,"column":29}},"29":{"start":{"line":54,"column":8},"end":{"line":54,"column":25}},"30":{"start":{"line":55,"column":8},"end":{"line":55,"column":28}},"31":{"start":{"line":56,"column":8},"end":{"line":56,"column":27}},"32":{"start":{"line":57,"column":8},"end":{"line":57,"column":26}},"33":{"start":{"line":58,"column":8},"end":{"line":58,"column":28}},"34":{"start":{"line":59,"column":8},"end":{"line":59,"column":21}},"35":{"start":{"line":60,"column":8},"end":{"line":60,"column":23}},"36":{"start":{"line":61,"column":8},"end":{"line":61,"column":30}},"37":{"start":{"line":62,"column":8},"end":{"line":62,"column":30}},"38":{"start":{"line":63,"column":8},"end":{"line":63,"column":27}},"39":{"start":{"line":64,"column":8},"end":{"line":64,"column":31}},"40":{"start":{"line":65,"column":8},"end":{"line":65,"column":35}},"41":{"start":{"line":66,"column":8},"end":{"line":66,"column":42}},"42":{"start":{"line":67,"column":8},"end":{"line":67,"column":35}},"43":{"start":{"line":68,"column":8},"end":{"line":68,"column":46}},"44":{"start":{"line":69,"column":8},"end":{"line":69,"column":79}},"45":{"start":{"line":70,"column":8},"end":{"line":70,"column":77}},"46":{"start":{"line":71,"column":8},"end":{"line":71,"column":75}},"47":{"start":{"line":75,"column":8},"end":{"line":75,"column":42}},"48":{"start":{"line":76,"column":8},"end":{"line":76,"column":41}},"49":{"start":{"line":80,"column":8},"end":{"line":80,"column":59}},"50":{"start":{"line":81,"column":8},"end":{"line":81,"column":41}},"51":{"start":{"line":85,"column":37},"end":{"line":85,"column":89}},"52":{"start":{"line":86,"column":21},"end":{"line":86,"column":79}},"53":{"start":{"line":87,"column":8},"end":{"line":87,"column":52}},"54":{"start":{"line":88,"column":8},"end":{"line":88,"column":51}},"55":{"start":{"line":92,"column":31},"end":{"line":92,"column":60}},"56":{"start":{"line":93,"column":8},"end":{"line":93,"column":46}},"57":{"start":{"line":94,"column":8},"end":{"line":94,"column":43}},"58":{"start":{"line":95,"column":8},"end":{"line":95,"column":65}},"59":{"start":{"line":96,"column":8},"end":{"line":96,"column":88}},"60":{"start":{"line":97,"column":8},"end":{"line":97,"column":87}},"61":{"start":{"line":98,"column":8},"end":{"line":98,"column":75}},"62":{"start":{"line":102,"column":8},"end":{"line":121,"column":10}},"63":{"start":{"line":104,"column":16},"end":{"line":104,"column":45}},"64":{"start":{"line":104,"column":38},"end":{"line":104,"column":45}},"65":{"start":{"line":105,"column":16},"end":{"line":105,"column":50}},"66":{"start":{"line":106,"column":16},"end":{"line":106,"column":65}},"67":{"start":{"line":107,"column":16},"end":{"line":107,"column":87}},"68":{"start":{"line":110,"column":16},"end":{"line":110,"column":44}},"69":{"start":{"line":110,"column":37},"end":{"line":110,"column":44}},"70":{"start":{"line":111,"column":16},"end":{"line":111,"column":50}},"71":{"start":{"line":112,"column":16},"end":{"line":112,"column":64}},"72":{"start":{"line":113,"column":16},"end":{"line":113,"column":86}},"73":{"start":{"line":116,"column":16},"end":{"line":116,"column":43}},"74":{"start":{"line":116,"column":36},"end":{"line":116,"column":43}},"75":{"start":{"line":117,"column":16},"end":{"line":117,"column":50}},"76":{"start":{"line":118,"column":16},"end":{"line":118,"column":67}},"77":{"start":{"line":119,"column":16},"end":{"line":119,"column":89}},"78":{"start":{"line":125,"column":8},"end":{"line":156,"column":10}},"79":{"start":{"line":127,"column":16},"end":{"line":127,"column":73}},"80":{"start":{"line":127,"column":66},"end":{"line":127,"column":73}},"81":{"start":{"line":128,"column":16},"end":{"line":128,"column":50}},"82":{"start":{"line":129,"column":16},"end":{"line":129,"column":67}},"83":{"start":{"line":130,"column":16},"end":{"line":134,"column":17}},"84":{"start":{"line":131,"column":20},"end":{"line":132,"column":97}},"85":{"start":{"line":133,"column":20},"end":{"line":133,"column":80}},"86":{"start":{"line":137,"column":16},"end":{"line":137,"column":72}},"87":{"start":{"line":137,"column":65},"end":{"line":137,"column":72}},"88":{"start":{"line":138,"column":16},"end":{"line":138,"column":50}},"89":{"start":{"line":139,"column":16},"end":{"line":139,"column":66}},"90":{"start":{"line":140,"column":16},"end":{"line":144,"column":17}},"91":{"start":{"line":141,"column":20},"end":{"line":142,"column":96}},"92":{"start":{"line":143,"column":20},"end":{"line":143,"column":80}},"93":{"start":{"line":147,"column":16},"end":{"line":147,"column":71}},"94":{"start":{"line":147,"column":64},"end":{"line":147,"column":71}},"95":{"start":{"line":148,"column":16},"end":{"line":148,"column":50}},"96":{"start":{"line":149,"column":16},"end":{"line":149,"column":65}},"97":{"start":{"line":150,"column":16},"end":{"line":154,"column":17}},"98":{"start":{"line":151,"column":20},"end":{"line":152,"column":99}},"99":{"start":{"line":153,"column":20},"end":{"line":153,"column":80}},"100":{"start":{"line":160,"column":8},"end":{"line":165,"column":10}},"101":{"start":{"line":169,"column":26},"end":{"line":169,"column":62}},"102":{"start":{"line":170,"column":8},"end":{"line":170,"column":81}},"103":{"start":{"line":171,"column":8},"end":{"line":171,"column":99}},"104":{"start":{"line":175,"column":53},"end":{"line":175,"column":93}},"105":{"start":{"line":176,"column":50},"end":{"line":176,"column":95}},"106":{"start":{"line":177,"column":8},"end":{"line":177,"column":58}},"107":{"start":{"line":179,"column":31},"end":{"line":193,"column":9}},"108":{"start":{"line":180,"column":41},"end":{"line":180,"column":69}},"109":{"start":{"line":181,"column":12},"end":{"line":184,"column":13}},"110":{"start":{"line":182,"column":16},"end":{"line":182,"column":57}},"111":{"start":{"line":183,"column":16},"end":{"line":183,"column":47}},"112":{"start":{"line":186,"column":28},"end":{"line":186,"column":44}},"113":{"start":{"line":187,"column":28},"end":{"line":187,"column":44}},"114":{"start":{"line":189,"column":12},"end":{"line":189,"column":79}},"115":{"start":{"line":190,"column":12},"end":{"line":190,"column":78}},"116":{"start":{"line":192,"column":12},"end":{"line":192,"column":40}},"117":{"start":{"line":195,"column":36},"end":{"line":200,"column":9}},"118":{"start":{"line":196,"column":12},"end":{"line":196,"column":92}},"119":{"start":{"line":197,"column":12},"end":{"line":197,"column":94}},"120":{"start":{"line":198,"column":12},"end":{"line":198,"column":63}},"121":{"start":{"line":199,"column":12},"end":{"line":199,"column":43}},"122":{"start":{"line":202,"column":8},"end":{"line":202,"column":85}},"123":{"start":{"line":203,"column":8},"end":{"line":203,"column":87}},"124":{"start":{"line":207,"column":20},"end":{"line":213,"column":9}},"125":{"start":{"line":215,"column":8},"end":{"line":217,"column":9}},"126":{"start":{"line":216,"column":12},"end":{"line":216,"column":86}},"127":{"start":{"line":218,"column":8},"end":{"line":220,"column":9}},"128":{"start":{"line":219,"column":12},"end":{"line":219,"column":84}},"129":{"start":{"line":221,"column":8},"end":{"line":223,"column":9}},"130":{"start":{"line":222,"column":12},"end":{"line":222,"column":86}},"131":{"start":{"line":227,"column":8},"end":{"line":227,"column":39}},"132":{"start":{"line":228,"column":8},"end":{"line":228,"column":46}},"133":{"start":{"line":232,"column":8},"end":{"line":235,"column":9}},"134":{"start":{"line":233,"column":12},"end":{"line":233,"column":64}},"135":{"start":{"line":234,"column":12},"end":{"line":234,"column":46}},"136":{"start":{"line":239,"column":8},"end":{"line":250,"column":9}},"137":{"start":{"line":240,"column":26},"end":{"line":240,"column":74}},"138":{"start":{"line":241,"column":34},"end":{"line":241,"column":80}},"139":{"start":{"line":242,"column":12},"end":{"line":242,"column":64}},"140":{"start":{"line":243,"column":12},"end":{"line":243,"column":66}},"141":{"start":{"line":245,"column":12},"end":{"line":245,"column":71}},"142":{"start":{"line":246,"column":12},"end":{"line":246,"column":53}},"143":{"start":{"line":247,"column":12},"end":{"line":247,"column":54}},"144":{"start":{"line":248,"column":12},"end":{"line":248,"column":33}},"145":{"start":{"line":249,"column":12},"end":{"line":249,"column":72}},"146":{"start":{"line":254,"column":43},"end":{"line":254,"column":66}},"147":{"start":{"line":255,"column":8},"end":{"line":255,"column":63}},"148":{"start":{"line":255,"column":48},"end":{"line":255,"column":63}},"149":{"start":{"line":256,"column":8},"end":{"line":256,"column":60}},"150":{"start":{"line":256,"column":46},"end":{"line":256,"column":60}},"151":{"start":{"line":257,"column":8},"end":{"line":257,"column":57}},"152":{"start":{"line":257,"column":44},"end":{"line":257,"column":57}},"153":{"start":{"line":258,"column":8},"end":{"line":258,"column":20}},"154":{"start":{"line":262,"column":30},"end":{"line":262,"column":43}},"155":{"start":{"line":264,"column":23},"end":{"line":264,"column":96}},"156":{"start":{"line":266,"column":30},"end":{"line":266,"column":79}},"157":{"start":{"line":268,"column":8},"end":{"line":268,"column":77}},"158":{"start":{"line":269,"column":8},"end":{"line":269,"column":80}},"159":{"start":{"line":273,"column":8},"end":{"line":283,"column":11}},"160":{"start":{"line":287,"column":8},"end":{"line":287,"column":78}},"161":{"start":{"line":289,"column":8},"end":{"line":294,"column":9}},"162":{"start":{"line":290,"column":12},"end":{"line":290,"column":47}},"163":{"start":{"line":291,"column":12},"end":{"line":293,"column":13}},"164":{"start":{"line":292,"column":16},"end":{"line":292,"column":47}},"165":{"start":{"line":298,"column":21},"end":{"line":298,"column":31}},"166":{"start":{"line":299,"column":8},"end":{"line":306,"column":9}},"167":{"start":{"line":300,"column":12},"end":{"line":300,"column":53}},"168":{"start":{"line":301,"column":12},"end":{"line":301,"column":40}},"169":{"start":{"line":302,"column":15},"end":{"line":306,"column":9}},"170":{"start":{"line":303,"column":12},"end":{"line":303,"column":46}},"171":{"start":{"line":304,"column":15},"end":{"line":306,"column":9}},"172":{"start":{"line":305,"column":12},"end":{"line":305,"column":53}},"173":{"start":{"line":308,"column":8},"end":{"line":308,"column":65}},"174":{"start":{"line":308,"column":36},"end":{"line":308,"column":63}},"175":{"start":{"line":312,"column":26},"end":{"line":312,"column":48}},"176":{"start":{"line":314,"column":8},"end":{"line":319,"column":9}},"177":{"start":{"line":314,"column":21},"end":{"line":314,"column":22}},"178":{"start":{"line":315,"column":12},"end":{"line":318,"column":13}},"179":{"start":{"line":317,"column":16},"end":{"line":317,"column":39}},"180":{"start":{"line":320,"column":8},"end":{"line":320,"column":20}},"181":{"start":{"line":324,"column":8},"end":{"line":324,"column":100}},"182":{"start":{"line":324,"column":87},"end":{"line":324,"column":100}},"183":{"start":{"line":326,"column":29},"end":{"line":326,"column":73}},"184":{"start":{"line":327,"column":30},"end":{"line":327,"column":84}},"185":{"start":{"line":327,"column":68},"end":{"line":327,"column":83}},"186":{"start":{"line":329,"column":8},"end":{"line":333,"column":9}},"187":{"start":{"line":330,"column":12},"end":{"line":330,"column":70}},"188":{"start":{"line":331,"column":12},"end":{"line":331,"column":64}},"189":{"start":{"line":332,"column":12},"end":{"line":332,"column":24}},"190":{"start":{"line":334,"column":8},"end":{"line":334,"column":21}},"191":{"start":{"line":338,"column":8},"end":{"line":338,"column":43}},"192":{"start":{"line":338,"column":31},"end":{"line":338,"column":43}},"193":{"start":{"line":340,"column":8},"end":{"line":341,"column":52}},"194":{"start":{"line":341,"column":40},"end":{"line":341,"column":52}},"195":{"start":{"line":343,"column":8},"end":{"line":343,"column":96}},"196":{"start":{"line":343,"column":84},"end":{"line":343,"column":96}},"197":{"start":{"line":345,"column":8},"end":{"line":345,"column":94}},"198":{"start":{"line":345,"column":82},"end":{"line":345,"column":94}},"199":{"start":{"line":347,"column":8},"end":{"line":347,"column":92}},"200":{"start":{"line":347,"column":80},"end":{"line":347,"column":92}},"201":{"start":{"line":349,"column":8},"end":{"line":349,"column":21}},"202":{"start":{"line":353,"column":8},"end":{"line":353,"column":69}},"203":{"start":{"line":353,"column":38},"end":{"line":353,"column":69}},"204":{"start":{"line":355,"column":8},"end":{"line":355,"column":92}},"205":{"start":{"line":357,"column":8},"end":{"line":359,"column":9}},"206":{"start":{"line":358,"column":12},"end":{"line":358,"column":50}},"207":{"start":{"line":361,"column":8},"end":{"line":363,"column":9}},"208":{"start":{"line":362,"column":12},"end":{"line":362,"column":90}},"209":{"start":{"line":367,"column":8},"end":{"line":372,"column":9}},"210":{"start":{"line":367,"column":21},"end":{"line":367,"column":22}},"211":{"start":{"line":368,"column":12},"end":{"line":371,"column":13}},"212":{"start":{"line":370,"column":16},"end":{"line":370,"column":39}},"213":{"start":{"line":374,"column":8},"end":{"line":374,"column":20}},"214":{"start":{"line":378,"column":8},"end":{"line":380,"column":55}},"215":{"start":{"line":380,"column":42},"end":{"line":380,"column":55}},"216":{"start":{"line":382,"column":29},"end":{"line":382,"column":86}},"217":{"start":{"line":383,"column":8},"end":{"line":387,"column":9}},"218":{"start":{"line":384,"column":12},"end":{"line":384,"column":67}},"219":{"start":{"line":385,"column":12},"end":{"line":385,"column":64}},"220":{"start":{"line":386,"column":12},"end":{"line":386,"column":24}},"221":{"start":{"line":388,"column":8},"end":{"line":388,"column":21}},"222":{"start":{"line":392,"column":34},"end":{"line":392,"column":55}},"223":{"start":{"line":394,"column":8},"end":{"line":403,"column":9}},"224":{"start":{"line":395,"column":12},"end":{"line":395,"column":43}},"225":{"start":{"line":396,"column":12},"end":{"line":396,"column":61}},"226":{"start":{"line":397,"column":15},"end":{"line":403,"column":9}},"227":{"start":{"line":398,"column":12},"end":{"line":398,"column":43}},"228":{"start":{"line":399,"column":12},"end":{"line":399,"column":60}},"229":{"start":{"line":400,"column":15},"end":{"line":403,"column":9}},"230":{"start":{"line":401,"column":12},"end":{"line":401,"column":43}},"231":{"start":{"line":402,"column":12},"end":{"line":402,"column":63}},"232":{"start":{"line":407,"column":30},"end":{"line":407,"column":94}},"233":{"start":{"line":408,"column":8},"end":{"line":408,"column":59}},"234":{"start":{"line":409,"column":8},"end":{"line":409,"column":61}},"235":{"start":{"line":411,"column":34},"end":{"line":411,"column":62}},"236":{"start":{"line":412,"column":8},"end":{"line":421,"column":9}},"237":{"start":{"line":413,"column":12},"end":{"line":413,"column":50}},"238":{"start":{"line":414,"column":12},"end":{"line":414,"column":68}},"239":{"start":{"line":415,"column":15},"end":{"line":421,"column":9}},"240":{"start":{"line":416,"column":12},"end":{"line":416,"column":50}},"241":{"start":{"line":417,"column":12},"end":{"line":417,"column":67}},"242":{"start":{"line":418,"column":15},"end":{"line":421,"column":9}},"243":{"start":{"line":419,"column":12},"end":{"line":419,"column":50}},"244":{"start":{"line":420,"column":12},"end":{"line":420,"column":70}},"245":{"start":{"line":425,"column":8},"end":{"line":425,"column":54}},"246":{"start":{"line":426,"column":8},"end":{"line":426,"column":55}},"247":{"start":{"line":430,"column":8},"end":{"line":432,"column":9}},"248":{"start":{"line":431,"column":12},"end":{"line":431,"column":81}},"249":{"start":{"line":436,"column":8},"end":{"line":438,"column":9}},"250":{"start":{"line":437,"column":12},"end":{"line":437,"column":80}},"251":{"start":{"line":442,"column":8},"end":{"line":444,"column":9}},"252":{"start":{"line":443,"column":12},"end":{"line":443,"column":79}},"253":{"start":{"line":448,"column":8},"end":{"line":448,"column":51}},"254":{"start":{"line":449,"column":8},"end":{"line":449,"column":40}},"255":{"start":{"line":451,"column":12},"end":{"line":451,"column":70}},"256":{"start":{"line":453,"column":8},"end":{"line":453,"column":60}},"257":{"start":{"line":454,"column":8},"end":{"line":454,"column":62}},"258":{"start":{"line":456,"column":8},"end":{"line":456,"column":54}},"259":{"start":{"line":458,"column":8},"end":{"line":458,"column":45}},"260":{"start":{"line":459,"column":8},"end":{"line":459,"column":44}},"261":{"start":{"line":460,"column":8},"end":{"line":460,"column":36}},"262":{"start":{"line":464,"column":8},"end":{"line":467,"column":24}},"263":{"start":{"line":469,"column":8},"end":{"line":472,"column":24}},"264":{"start":{"line":476,"column":40},"end":{"line":476,"column":43}},"265":{"start":{"line":478,"column":8},"end":{"line":480,"column":9}},"266":{"start":{"line":479,"column":12},"end":{"line":479,"column":87}},"267":{"start":{"line":482,"column":8},"end":{"line":484,"column":9}},"268":{"start":{"line":483,"column":12},"end":{"line":483,"column":85}},"269":{"start":{"line":486,"column":8},"end":{"line":486,"column":81}},"270":{"start":{"line":490,"column":8},"end":{"line":490,"column":68}},"271":{"start":{"line":490,"column":52},"end":{"line":490,"column":66}},"272":{"start":{"line":494,"column":8},"end":{"line":495,"column":89}},"273":{"start":{"line":495,"column":76},"end":{"line":495,"column":89}},"274":{"start":{"line":497,"column":8},"end":{"line":497,"column":33}},"275":{"start":{"line":498,"column":8},"end":{"line":498,"column":29}},"276":{"start":{"line":499,"column":8},"end":{"line":499,"column":36}},"277":{"start":{"line":500,"column":8},"end":{"line":500,"column":60}},"278":{"start":{"line":501,"column":8},"end":{"line":501,"column":51}},"279":{"start":{"line":503,"column":8},"end":{"line":503,"column":76}},"280":{"start":{"line":504,"column":8},"end":{"line":504,"column":65}},"281":{"start":{"line":505,"column":8},"end":{"line":505,"column":20}},"282":{"start":{"line":509,"column":8},"end":{"line":519,"column":9}},"283":{"start":{"line":510,"column":12},"end":{"line":512,"column":13}},"284":{"start":{"line":511,"column":16},"end":{"line":511,"column":89}},"285":{"start":{"line":513,"column":12},"end":{"line":513,"column":79}},"286":{"start":{"line":514,"column":12},"end":{"line":514,"column":40}},"287":{"start":{"line":515,"column":12},"end":{"line":515,"column":32}},"288":{"start":{"line":517,"column":12},"end":{"line":517,"column":49}},"289":{"start":{"line":518,"column":12},"end":{"line":518,"column":27}},"290":{"start":{"line":523,"column":8},"end":{"line":524,"column":88}},"291":{"start":{"line":524,"column":75},"end":{"line":524,"column":88}},"292":{"start":{"line":526,"column":8},"end":{"line":526,"column":32}},"293":{"start":{"line":527,"column":8},"end":{"line":527,"column":28}},"294":{"start":{"line":528,"column":8},"end":{"line":528,"column":35}},"295":{"start":{"line":529,"column":8},"end":{"line":529,"column":59}},"296":{"start":{"line":530,"column":8},"end":{"line":530,"column":51}},"297":{"start":{"line":532,"column":8},"end":{"line":532,"column":75}},"298":{"start":{"line":533,"column":8},"end":{"line":533,"column":64}},"299":{"start":{"line":534,"column":8},"end":{"line":534,"column":20}},"300":{"start":{"line":538,"column":8},"end":{"line":548,"column":9}},"301":{"start":{"line":539,"column":12},"end":{"line":541,"column":13}},"302":{"start":{"line":540,"column":16},"end":{"line":540,"column":87}},"303":{"start":{"line":543,"column":12},"end":{"line":543,"column":77}},"304":{"start":{"line":544,"column":12},"end":{"line":544,"column":39}},"305":{"start":{"line":545,"column":12},"end":{"line":545,"column":31}},"306":{"start":{"line":546,"column":12},"end":{"line":546,"column":48}},"307":{"start":{"line":547,"column":12},"end":{"line":547,"column":27}},"308":{"start":{"line":552,"column":8},"end":{"line":553,"column":72}},"309":{"start":{"line":553,"column":59},"end":{"line":553,"column":72}},"310":{"start":{"line":555,"column":8},"end":{"line":555,"column":35}},"311":{"start":{"line":556,"column":8},"end":{"line":556,"column":26}},"312":{"start":{"line":557,"column":8},"end":{"line":557,"column":34}},"313":{"start":{"line":558,"column":8},"end":{"line":558,"column":57}},"314":{"start":{"line":559,"column":8},"end":{"line":559,"column":50}},"315":{"start":{"line":561,"column":8},"end":{"line":561,"column":73}},"316":{"start":{"line":562,"column":8},"end":{"line":562,"column":62}},"317":{"start":{"line":563,"column":8},"end":{"line":563,"column":20}},"318":{"start":{"line":567,"column":8},"end":{"line":573,"column":9}},"319":{"start":{"line":568,"column":12},"end":{"line":568,"column":42}},"320":{"start":{"line":569,"column":15},"end":{"line":573,"column":9}},"321":{"start":{"line":570,"column":12},"end":{"line":570,"column":41}},"322":{"start":{"line":571,"column":15},"end":{"line":573,"column":9}},"323":{"start":{"line":572,"column":12},"end":{"line":572,"column":44}},"324":{"start":{"line":577,"column":8},"end":{"line":586,"column":9}},"325":{"start":{"line":578,"column":12},"end":{"line":580,"column":13}},"326":{"start":{"line":579,"column":16},"end":{"line":579,"column":85}},"327":{"start":{"line":582,"column":12},"end":{"line":582,"column":75}},"328":{"start":{"line":583,"column":12},"end":{"line":583,"column":38}},"329":{"start":{"line":584,"column":12},"end":{"line":584,"column":30}},"330":{"start":{"line":585,"column":12},"end":{"line":585,"column":44}},"331":{"start":{"line":590,"column":8},"end":{"line":590,"column":57}},"332":{"start":{"line":590,"column":50},"end":{"line":590,"column":57}},"333":{"start":{"line":592,"column":8},"end":{"line":592,"column":45}},"334":{"start":{"line":596,"column":8},"end":{"line":601,"column":9}},"335":{"start":{"line":596,"column":21},"end":{"line":596,"column":53}},"336":{"start":{"line":597,"column":12},"end":{"line":600,"column":13}},"337":{"start":{"line":598,"column":16},"end":{"line":598,"column":51}},"338":{"start":{"line":599,"column":16},"end":{"line":599,"column":22}},"339":{"start":{"line":605,"column":8},"end":{"line":605,"column":29}},"340":{"start":{"line":609,"column":8},"end":{"line":618,"column":10}},"341":{"start":{"line":622,"column":8},"end":{"line":622,"column":31}},"342":{"start":{"line":626,"column":8},"end":{"line":630,"column":10}},"343":{"start":{"line":634,"column":26},"end":{"line":634,"column":71}},"344":{"start":{"line":635,"column":8},"end":{"line":635,"column":46}},"345":{"start":{"line":636,"column":8},"end":{"line":636,"column":25}},"346":{"start":{"line":640,"column":40},"end":{"line":640,"column":69}},"347":{"start":{"line":642,"column":29},"end":{"line":642,"column":31}},"348":{"start":{"line":644,"column":8},"end":{"line":644,"column":89}},"349":{"start":{"line":645,"column":8},"end":{"line":645,"column":87}},"350":{"start":{"line":646,"column":8},"end":{"line":646,"column":85}},"351":{"start":{"line":648,"column":8},"end":{"line":648,"column":28}},"352":{"start":{"line":652,"column":23},"end":{"line":654,"column":18}},"353":{"start":{"line":656,"column":22},"end":{"line":658,"column":18}},"354":{"start":{"line":660,"column":8},"end":{"line":664,"column":10}},"355":{"start":{"line":668,"column":8},"end":{"line":668,"column":53}},"356":{"start":{"line":669,"column":8},"end":{"line":669,"column":64}},"357":{"start":{"line":669,"column":39},"end":{"line":669,"column":64}},"358":{"start":{"line":670,"column":8},"end":{"line":670,"column":62}},"359":{"start":{"line":670,"column":38},"end":{"line":670,"column":62}},"360":{"start":{"line":671,"column":8},"end":{"line":671,"column":64}},"361":{"start":{"line":671,"column":37},"end":{"line":671,"column":64}}},"fnMap":{"0":{"name":"(anonymous_0)","decl":{"start":{"line":13,"column":4},"end":{"line":13,"column":5}},"loc":{"start":{"line":13,"column":60},"end":{"line":26,"column":5}},"line":13},"1":{"name":"(anonymous_1)","decl":{"start":{"line":28,"column":4},"end":{"line":28,"column":5}},"loc":{"start":{"line":28,"column":46},"end":{"line":37,"column":5}},"line":28},"2":{"name":"(anonymous_2)","decl":{"start":{"line":39,"column":4},"end":{"line":39,"column":5}},"loc":{"start":{"line":39,"column":62},"end":{"line":49,"column":5}},"line":39},"3":{"name":"(anonymous_3)","decl":{"start":{"line":51,"column":4},"end":{"line":51,"column":5}},"loc":{"start":{"line":51,"column":37},"end":{"line":72,"column":5}},"line":51},"4":{"name":"(anonymous_4)","decl":{"start":{"line":74,"column":4},"end":{"line":74,"column":5}},"loc":{"start":{"line":74,"column":28},"end":{"line":77,"column":5}},"line":74},"5":{"name":"(anonymous_5)","decl":{"start":{"line":79,"column":4},"end":{"line":79,"column":5}},"loc":{"start":{"line":79,"column":67},"end":{"line":82,"column":5}},"line":79},"6":{"name":"(anonymous_6)","decl":{"start":{"line":84,"column":4},"end":{"line":84,"column":5}},"loc":{"start":{"line":84,"column":30},"end":{"line":89,"column":5}},"line":84},"7":{"name":"(anonymous_7)","decl":{"start":{"line":91,"column":4},"end":{"line":91,"column":5}},"loc":{"start":{"line":91,"column":27},"end":{"line":99,"column":5}},"line":91},"8":{"name":"(anonymous_8)","decl":{"start":{"line":101,"column":4},"end":{"line":101,"column":5}},"loc":{"start":{"line":101,"column":33},"end":{"line":122,"column":5}},"line":101},"9":{"name":"(anonymous_9)","decl":{"start":{"line":103,"column":20},"end":{"line":103,"column":21}},"loc":{"start":{"line":103,"column":34},"end":{"line":108,"column":13}},"line":103},"10":{"name":"(anonymous_10)","decl":{"start":{"line":109,"column":19},"end":{"line":109,"column":20}},"loc":{"start":{"line":109,"column":33},"end":{"line":114,"column":13}},"line":109},"11":{"name":"(anonymous_11)","decl":{"start":{"line":115,"column":18},"end":{"line":115,"column":19}},"loc":{"start":{"line":115,"column":32},"end":{"line":120,"column":13}},"line":115},"12":{"name":"(anonymous_12)","decl":{"start":{"line":124,"column":4},"end":{"line":124,"column":5}},"loc":{"start":{"line":124,"column":40},"end":{"line":157,"column":5}},"line":124},"13":{"name":"(anonymous_13)","decl":{"start":{"line":126,"column":20},"end":{"line":126,"column":21}},"loc":{"start":{"line":126,"column":34},"end":{"line":135,"column":13}},"line":126},"14":{"name":"(anonymous_14)","decl":{"start":{"line":136,"column":19},"end":{"line":136,"column":20}},"loc":{"start":{"line":136,"column":33},"end":{"line":145,"column":13}},"line":136},"15":{"name":"(anonymous_15)","decl":{"start":{"line":146,"column":18},"end":{"line":146,"column":19}},"loc":{"start":{"line":146,"column":32},"end":{"line":155,"column":13}},"line":146},"16":{"name":"(anonymous_16)","decl":{"start":{"line":159,"column":4},"end":{"line":159,"column":5}},"loc":{"start":{"line":159,"column":44},"end":{"line":166,"column":5}},"line":159},"17":{"name":"(anonymous_17)","decl":{"start":{"line":168,"column":4},"end":{"line":168,"column":5}},"loc":{"start":{"line":168,"column":29},"end":{"line":172,"column":5}},"line":168},"18":{"name":"(anonymous_18)","decl":{"start":{"line":174,"column":4},"end":{"line":174,"column":5}},"loc":{"start":{"line":174,"column":28},"end":{"line":204,"column":5}},"line":174},"19":{"name":"(anonymous_19)","decl":{"start":{"line":179,"column":31},"end":{"line":179,"column":32}},"loc":{"start":{"line":179,"column":38},"end":{"line":193,"column":9}},"line":179},"20":{"name":"(anonymous_20)","decl":{"start":{"line":195,"column":36},"end":{"line":195,"column":37}},"loc":{"start":{"line":195,"column":42},"end":{"line":200,"column":9}},"line":195},"21":{"name":"(anonymous_21)","decl":{"start":{"line":206,"column":4},"end":{"line":206,"column":5}},"loc":{"start":{"line":206,"column":47},"end":{"line":224,"column":5}},"line":206},"22":{"name":"(anonymous_22)","decl":{"start":{"line":226,"column":4},"end":{"line":226,"column":5}},"loc":{"start":{"line":226,"column":33},"end":{"line":229,"column":5}},"line":226},"23":{"name":"(anonymous_23)","decl":{"start":{"line":231,"column":4},"end":{"line":231,"column":5}},"loc":{"start":{"line":231,"column":30},"end":{"line":236,"column":5}},"line":231},"24":{"name":"(anonymous_24)","decl":{"start":{"line":238,"column":4},"end":{"line":238,"column":5}},"loc":{"start":{"line":238,"column":37},"end":{"line":251,"column":5}},"line":238},"25":{"name":"(anonymous_25)","decl":{"start":{"line":253,"column":4},"end":{"line":253,"column":5}},"loc":{"start":{"line":253,"column":48},"end":{"line":259,"column":5}},"line":253},"26":{"name":"(anonymous_26)","decl":{"start":{"line":261,"column":4},"end":{"line":261,"column":5}},"loc":{"start":{"line":261,"column":55},"end":{"line":270,"column":5}},"line":261},"27":{"name":"(anonymous_27)","decl":{"start":{"line":272,"column":4},"end":{"line":272,"column":5}},"loc":{"start":{"line":272,"column":30},"end":{"line":284,"column":5}},"line":272},"28":{"name":"(anonymous_28)","decl":{"start":{"line":286,"column":4},"end":{"line":286,"column":5}},"loc":{"start":{"line":286,"column":27},"end":{"line":295,"column":5}},"line":286},"29":{"name":"(anonymous_29)","decl":{"start":{"line":297,"column":4},"end":{"line":297,"column":5}},"loc":{"start":{"line":297,"column":30},"end":{"line":309,"column":5}},"line":297},"30":{"name":"(anonymous_30)","decl":{"start":{"line":308,"column":29},"end":{"line":308,"column":30}},"loc":{"start":{"line":308,"column":36},"end":{"line":308,"column":63}},"line":308},"31":{"name":"(anonymous_31)","decl":{"start":{"line":311,"column":4},"end":{"line":311,"column":5}},"loc":{"start":{"line":311,"column":39},"end":{"line":321,"column":5}},"line":311},"32":{"name":"(anonymous_32)","decl":{"start":{"line":323,"column":4},"end":{"line":323,"column":5}},"loc":{"start":{"line":323,"column":53},"end":{"line":335,"column":5}},"line":323},"33":{"name":"(anonymous_33)","decl":{"start":{"line":327,"column":61},"end":{"line":327,"column":62}},"loc":{"start":{"line":327,"column":68},"end":{"line":327,"column":83}},"line":327},"34":{"name":"(anonymous_34)","decl":{"start":{"line":337,"column":4},"end":{"line":337,"column":5}},"loc":{"start":{"line":337,"column":46},"end":{"line":350,"column":5}},"line":337},"35":{"name":"(anonymous_35)","decl":{"start":{"line":352,"column":4},"end":{"line":352,"column":5}},"loc":{"start":{"line":352,"column":34},"end":{"line":364,"column":5}},"line":352},"36":{"name":"(anonymous_36)","decl":{"start":{"line":366,"column":4},"end":{"line":366,"column":5}},"loc":{"start":{"line":366,"column":46},"end":{"line":375,"column":5}},"line":366},"37":{"name":"(anonymous_37)","decl":{"start":{"line":377,"column":4},"end":{"line":377,"column":5}},"loc":{"start":{"line":377,"column":49},"end":{"line":389,"column":5}},"line":377},"38":{"name":"(anonymous_38)","decl":{"start":{"line":391,"column":4},"end":{"line":391,"column":5}},"loc":{"start":{"line":391,"column":33},"end":{"line":404,"column":5}},"line":391},"39":{"name":"(anonymous_39)","decl":{"start":{"line":406,"column":4},"end":{"line":406,"column":5}},"loc":{"start":{"line":406,"column":40},"end":{"line":422,"column":5}},"line":406},"40":{"name":"(anonymous_40)","decl":{"start":{"line":424,"column":4},"end":{"line":424,"column":5}},"loc":{"start":{"line":424,"column":41},"end":{"line":427,"column":5}},"line":424},"41":{"name":"(anonymous_41)","decl":{"start":{"line":429,"column":4},"end":{"line":429,"column":5}},"loc":{"start":{"line":429,"column":33},"end":{"line":433,"column":5}},"line":429},"42":{"name":"(anonymous_42)","decl":{"start":{"line":435,"column":4},"end":{"line":435,"column":5}},"loc":{"start":{"line":435,"column":32},"end":{"line":439,"column":5}},"line":435},"43":{"name":"(anonymous_43)","decl":{"start":{"line":441,"column":4},"end":{"line":441,"column":5}},"loc":{"start":{"line":441,"column":31},"end":{"line":445,"column":5}},"line":441},"44":{"name":"(anonymous_44)","decl":{"start":{"line":447,"column":4},"end":{"line":447,"column":5}},"loc":{"start":{"line":447,"column":29},"end":{"line":461,"column":5}},"line":447},"45":{"name":"(anonymous_45)","decl":{"start":{"line":463,"column":4},"end":{"line":463,"column":5}},"loc":{"start":{"line":463,"column":31},"end":{"line":473,"column":5}},"line":463},"46":{"name":"(anonymous_46)","decl":{"start":{"line":475,"column":4},"end":{"line":475,"column":5}},"loc":{"start":{"line":475,"column":36},"end":{"line":487,"column":5}},"line":475},"47":{"name":"(anonymous_47)","decl":{"start":{"line":489,"column":4},"end":{"line":489,"column":5}},"loc":{"start":{"line":489,"column":27},"end":{"line":491,"column":5}},"line":489},"48":{"name":"(anonymous_48)","decl":{"start":{"line":490,"column":38},"end":{"line":490,"column":39}},"loc":{"start":{"line":490,"column":52},"end":{"line":490,"column":66}},"line":490},"49":{"name":"(anonymous_49)","decl":{"start":{"line":493,"column":4},"end":{"line":493,"column":5}},"loc":{"start":{"line":493,"column":26},"end":{"line":506,"column":5}},"line":493},"50":{"name":"(anonymous_50)","decl":{"start":{"line":508,"column":4},"end":{"line":508,"column":5}},"loc":{"start":{"line":508,"column":24},"end":{"line":520,"column":5}},"line":508},"51":{"name":"(anonymous_51)","decl":{"start":{"line":522,"column":4},"end":{"line":522,"column":5}},"loc":{"start":{"line":522,"column":25},"end":{"line":535,"column":5}},"line":522},"52":{"name":"(anonymous_52)","decl":{"start":{"line":537,"column":4},"end":{"line":537,"column":5}},"loc":{"start":{"line":537,"column":23},"end":{"line":549,"column":5}},"line":537},"53":{"name":"(anonymous_53)","decl":{"start":{"line":551,"column":4},"end":{"line":551,"column":5}},"loc":{"start":{"line":551,"column":27},"end":{"line":564,"column":5}},"line":551},"54":{"name":"(anonymous_54)","decl":{"start":{"line":566,"column":4},"end":{"line":566,"column":5}},"loc":{"start":{"line":566,"column":23},"end":{"line":574,"column":5}},"line":566},"55":{"name":"(anonymous_55)","decl":{"start":{"line":576,"column":4},"end":{"line":576,"column":5}},"loc":{"start":{"line":576,"column":26},"end":{"line":587,"column":5}},"line":576},"56":{"name":"(anonymous_56)","decl":{"start":{"line":589,"column":4},"end":{"line":589,"column":5}},"loc":{"start":{"line":589,"column":32},"end":{"line":593,"column":5}},"line":589},"57":{"name":"(anonymous_57)","decl":{"start":{"line":595,"column":4},"end":{"line":595,"column":5}},"loc":{"start":{"line":595,"column":35},"end":{"line":602,"column":5}},"line":595},"58":{"name":"(anonymous_58)","decl":{"start":{"line":604,"column":4},"end":{"line":604,"column":5}},"loc":{"start":{"line":604,"column":17},"end":{"line":606,"column":5}},"line":604},"59":{"name":"(anonymous_59)","decl":{"start":{"line":608,"column":4},"end":{"line":608,"column":5}},"loc":{"start":{"line":608,"column":20},"end":{"line":619,"column":5}},"line":608},"60":{"name":"(anonymous_60)","decl":{"start":{"line":621,"column":4},"end":{"line":621,"column":5}},"loc":{"start":{"line":621,"column":19},"end":{"line":623,"column":5}},"line":621},"61":{"name":"(anonymous_61)","decl":{"start":{"line":625,"column":4},"end":{"line":625,"column":5}},"loc":{"start":{"line":625,"column":30},"end":{"line":631,"column":5}},"line":625},"62":{"name":"(anonymous_62)","decl":{"start":{"line":633,"column":4},"end":{"line":633,"column":5}},"loc":{"start":{"line":633,"column":22},"end":{"line":637,"column":5}},"line":633},"63":{"name":"(anonymous_63)","decl":{"start":{"line":639,"column":4},"end":{"line":639,"column":5}},"loc":{"start":{"line":639,"column":48},"end":{"line":649,"column":5}},"line":639},"64":{"name":"(anonymous_64)","decl":{"start":{"line":651,"column":4},"end":{"line":651,"column":5}},"loc":{"start":{"line":651,"column":29},"end":{"line":665,"column":5}},"line":651},"65":{"name":"(anonymous_65)","decl":{"start":{"line":667,"column":4},"end":{"line":667,"column":5}},"loc":{"start":{"line":667,"column":40},"end":{"line":672,"column":5}},"line":667}},"branchMap":{"0":{"loc":{"start":{"line":13,"column":46},"end":{"line":13,"column":58}},"type":"default-arg","locations":[{"start":{"line":13,"column":56},"end":{"line":13,"column":58}}],"line":13},"1":{"loc":{"start":{"line":14,"column":8},"end":{"line":20,"column":9}},"type":"if","locations":[{"start":{"line":14,"column":8},"end":{"line":20,"column":9}},{"start":{"line":14,"column":8},"end":{"line":20,"column":9}}],"line":14},"2":{"loc":{"start":{"line":16,"column":15},"end":{"line":20,"column":9}},"type":"if","locations":[{"start":{"line":16,"column":15},"end":{"line":20,"column":9}},{"start":{"line":16,"column":15},"end":{"line":20,"column":9}}],"line":16},"3":{"loc":{"start":{"line":22,"column":8},"end":{"line":25,"column":9}},"type":"if","locations":[{"start":{"line":22,"column":8},"end":{"line":25,"column":9}},{"start":{"line":22,"column":8},"end":{"line":25,"column":9}}],"line":22},"4":{"loc":{"start":{"line":96,"column":34},"end":{"line":96,"column":87}},"type":"cond-expr","locations":[{"start":{"line":96,"column":55},"end":{"line":96,"column":80}},{"start":{"line":96,"column":83},"end":{"line":96,"column":87}}],"line":96},"5":{"loc":{"start":{"line":97,"column":33},"end":{"line":97,"column":86}},"type":"cond-expr","locations":[{"start":{"line":97,"column":54},"end":{"line":97,"column":79}},{"start":{"line":97,"column":82},"end":{"line":97,"column":86}}],"line":97},"6":{"loc":{"start":{"line":104,"column":16},"end":{"line":104,"column":45}},"type":"if","locations":[{"start":{"line":104,"column":16},"end":{"line":104,"column":45}},{"start":{"line":104,"column":16},"end":{"line":104,"column":45}}],"line":104},"7":{"loc":{"start":{"line":110,"column":16},"end":{"line":110,"column":44}},"type":"if","locations":[{"start":{"line":110,"column":16},"end":{"line":110,"column":44}},{"start":{"line":110,"column":16},"end":{"line":110,"column":44}}],"line":110},"8":{"loc":{"start":{"line":116,"column":16},"end":{"line":116,"column":43}},"type":"if","locations":[{"start":{"line":116,"column":16},"end":{"line":116,"column":43}},{"start":{"line":116,"column":16},"end":{"line":116,"column":43}}],"line":116},"9":{"loc":{"start":{"line":127,"column":16},"end":{"line":127,"column":73}},"type":"if","locations":[{"start":{"line":127,"column":16},"end":{"line":127,"column":73}},{"start":{"line":127,"column":16},"end":{"line":127,"column":73}}],"line":127},"10":{"loc":{"start":{"line":130,"column":16},"end":{"line":134,"column":17}},"type":"if","locations":[{"start":{"line":130,"column":16},"end":{"line":134,"column":17}},{"start":{"line":130,"column":16},"end":{"line":134,"column":17}}],"line":130},"11":{"loc":{"start":{"line":137,"column":16},"end":{"line":137,"column":72}},"type":"if","locations":[{"start":{"line":137,"column":16},"end":{"line":137,"column":72}},{"start":{"line":137,"column":16},"end":{"line":137,"column":72}}],"line":137},"12":{"loc":{"start":{"line":140,"column":16},"end":{"line":144,"column":17}},"type":"if","locations":[{"start":{"line":140,"column":16},"end":{"line":144,"column":17}},{"start":{"line":140,"column":16},"end":{"line":144,"column":17}}],"line":140},"13":{"loc":{"start":{"line":147,"column":16},"end":{"line":147,"column":71}},"type":"if","locations":[{"start":{"line":147,"column":16},"end":{"line":147,"column":71}},{"start":{"line":147,"column":16},"end":{"line":147,"column":71}}],"line":147},"14":{"loc":{"start":{"line":150,"column":16},"end":{"line":154,"column":17}},"type":"if","locations":[{"start":{"line":150,"column":16},"end":{"line":154,"column":17}},{"start":{"line":150,"column":16},"end":{"line":154,"column":17}}],"line":150},"15":{"loc":{"start":{"line":164,"column":22},"end":{"line":164,"column":83}},"type":"binary-expr","locations":[{"start":{"line":164,"column":22},"end":{"line":164,"column":52}},{"start":{"line":164,"column":56},"end":{"line":164,"column":83}}],"line":164},"16":{"loc":{"start":{"line":169,"column":26},"end":{"line":169,"column":62}},"type":"cond-expr","locations":[{"start":{"line":169,"column":36},"end":{"line":169,"column":48}},{"start":{"line":169,"column":51},"end":{"line":169,"column":62}}],"line":169},"17":{"loc":{"start":{"line":175,"column":53},"end":{"line":175,"column":93}},"type":"cond-expr","locations":[{"start":{"line":175,"column":69},"end":{"line":175,"column":85}},{"start":{"line":175,"column":88},"end":{"line":175,"column":93}}],"line":175},"18":{"loc":{"start":{"line":180,"column":41},"end":{"line":180,"column":69}},"type":"cond-expr","locations":[{"start":{"line":180,"column":53},"end":{"line":180,"column":65}},{"start":{"line":180,"column":68},"end":{"line":180,"column":69}}],"line":180},"19":{"loc":{"start":{"line":181,"column":12},"end":{"line":184,"column":13}},"type":"if","locations":[{"start":{"line":181,"column":12},"end":{"line":184,"column":13}},{"start":{"line":181,"column":12},"end":{"line":184,"column":13}}],"line":181},"20":{"loc":{"start":{"line":196,"column":39},"end":{"line":196,"column":74}},"type":"cond-expr","locations":[{"start":{"line":196,"column":49},"end":{"line":196,"column":60}},{"start":{"line":196,"column":63},"end":{"line":196,"column":74}}],"line":196},"21":{"loc":{"start":{"line":197,"column":39},"end":{"line":197,"column":71}},"type":"cond-expr","locations":[{"start":{"line":197,"column":49},"end":{"line":197,"column":59}},{"start":{"line":197,"column":62},"end":{"line":197,"column":71}}],"line":197},"22":{"loc":{"start":{"line":202,"column":32},"end":{"line":202,"column":67}},"type":"cond-expr","locations":[{"start":{"line":202,"column":42},"end":{"line":202,"column":53}},{"start":{"line":202,"column":56},"end":{"line":202,"column":67}}],"line":202},"23":{"loc":{"start":{"line":203,"column":32},"end":{"line":203,"column":64}},"type":"cond-expr","locations":[{"start":{"line":203,"column":42},"end":{"line":203,"column":52}},{"start":{"line":203,"column":55},"end":{"line":203,"column":64}}],"line":203},"24":{"loc":{"start":{"line":209,"column":23},"end":{"line":210,"column":53}},"type":"cond-expr","locations":[{"start":{"line":210,"column":22},"end":{"line":210,"column":48}},{"start":{"line":210,"column":51},"end":{"line":210,"column":53}}],"line":209},"25":{"loc":{"start":{"line":215,"column":8},"end":{"line":217,"column":9}},"type":"if","locations":[{"start":{"line":215,"column":8},"end":{"line":217,"column":9}},{"start":{"line":215,"column":8},"end":{"line":217,"column":9}}],"line":215},"26":{"loc":{"start":{"line":218,"column":8},"end":{"line":220,"column":9}},"type":"if","locations":[{"start":{"line":218,"column":8},"end":{"line":220,"column":9}},{"start":{"line":218,"column":8},"end":{"line":220,"column":9}}],"line":218},"27":{"loc":{"start":{"line":221,"column":8},"end":{"line":223,"column":9}},"type":"if","locations":[{"start":{"line":221,"column":8},"end":{"line":223,"column":9}},{"start":{"line":221,"column":8},"end":{"line":223,"column":9}}],"line":221},"28":{"loc":{"start":{"line":232,"column":8},"end":{"line":235,"column":9}},"type":"if","locations":[{"start":{"line":232,"column":8},"end":{"line":235,"column":9}},{"start":{"line":232,"column":8},"end":{"line":235,"column":9}}],"line":232},"29":{"loc":{"start":{"line":239,"column":8},"end":{"line":250,"column":9}},"type":"if","locations":[{"start":{"line":239,"column":8},"end":{"line":250,"column":9}},{"start":{"line":239,"column":8},"end":{"line":250,"column":9}}],"line":239},"30":{"loc":{"start":{"line":255,"column":8},"end":{"line":255,"column":63}},"type":"if","locations":[{"start":{"line":255,"column":8},"end":{"line":255,"column":63}},{"start":{"line":255,"column":8},"end":{"line":255,"column":63}}],"line":255},"31":{"loc":{"start":{"line":255,"column":12},"end":{"line":255,"column":46}},"type":"binary-expr","locations":[{"start":{"line":255,"column":12},"end":{"line":255,"column":19}},{"start":{"line":255,"column":23},"end":{"line":255,"column":46}}],"line":255},"32":{"loc":{"start":{"line":256,"column":8},"end":{"line":256,"column":60}},"type":"if","locations":[{"start":{"line":256,"column":8},"end":{"line":256,"column":60}},{"start":{"line":256,"column":8},"end":{"line":256,"column":60}}],"line":256},"33":{"loc":{"start":{"line":256,"column":12},"end":{"line":256,"column":44}},"type":"binary-expr","locations":[{"start":{"line":256,"column":12},"end":{"line":256,"column":18}},{"start":{"line":256,"column":22},"end":{"line":256,"column":44}}],"line":256},"34":{"loc":{"start":{"line":257,"column":8},"end":{"line":257,"column":57}},"type":"if","locations":[{"start":{"line":257,"column":8},"end":{"line":257,"column":57}},{"start":{"line":257,"column":8},"end":{"line":257,"column":57}}],"line":257},"35":{"loc":{"start":{"line":257,"column":12},"end":{"line":257,"column":42}},"type":"binary-expr","locations":[{"start":{"line":257,"column":12},"end":{"line":257,"column":17}},{"start":{"line":257,"column":21},"end":{"line":257,"column":42}}],"line":257},"36":{"loc":{"start":{"line":289,"column":8},"end":{"line":294,"column":9}},"type":"if","locations":[{"start":{"line":289,"column":8},"end":{"line":294,"column":9}},{"start":{"line":289,"column":8},"end":{"line":294,"column":9}}],"line":289},"37":{"loc":{"start":{"line":291,"column":12},"end":{"line":293,"column":13}},"type":"if","locations":[{"start":{"line":291,"column":12},"end":{"line":293,"column":13}},{"start":{"line":291,"column":12},"end":{"line":293,"column":13}}],"line":291},"38":{"loc":{"start":{"line":299,"column":8},"end":{"line":306,"column":9}},"type":"if","locations":[{"start":{"line":299,"column":8},"end":{"line":306,"column":9}},{"start":{"line":299,"column":8},"end":{"line":306,"column":9}}],"line":299},"39":{"loc":{"start":{"line":299,"column":12},"end":{"line":299,"column":54}},"type":"binary-expr","locations":[{"start":{"line":299,"column":12},"end":{"line":299,"column":16}},{"start":{"line":299,"column":20},"end":{"line":299,"column":54}}],"line":299},"40":{"loc":{"start":{"line":302,"column":15},"end":{"line":306,"column":9}},"type":"if","locations":[{"start":{"line":302,"column":15},"end":{"line":306,"column":9}},{"start":{"line":302,"column":15},"end":{"line":306,"column":9}}],"line":302},"41":{"loc":{"start":{"line":304,"column":15},"end":{"line":306,"column":9}},"type":"if","locations":[{"start":{"line":304,"column":15},"end":{"line":306,"column":9}},{"start":{"line":304,"column":15},"end":{"line":306,"column":9}}],"line":304},"42":{"loc":{"start":{"line":315,"column":12},"end":{"line":318,"column":13}},"type":"if","locations":[{"start":{"line":315,"column":12},"end":{"line":318,"column":13}},{"start":{"line":315,"column":12},"end":{"line":318,"column":13}}],"line":315},"43":{"loc":{"start":{"line":315,"column":16},"end":{"line":316,"column":79}},"type":"binary-expr","locations":[{"start":{"line":315,"column":16},"end":{"line":315,"column":42}},{"start":{"line":316,"column":19},"end":{"line":316,"column":79}}],"line":315},"44":{"loc":{"start":{"line":324,"column":8},"end":{"line":324,"column":100}},"type":"if","locations":[{"start":{"line":324,"column":8},"end":{"line":324,"column":100}},{"start":{"line":324,"column":8},"end":{"line":324,"column":100}}],"line":324},"45":{"loc":{"start":{"line":324,"column":12},"end":{"line":324,"column":85}},"type":"binary-expr","locations":[{"start":{"line":324,"column":12},"end":{"line":324,"column":58}},{"start":{"line":324,"column":62},"end":{"line":324,"column":85}}],"line":324},"46":{"loc":{"start":{"line":329,"column":8},"end":{"line":333,"column":9}},"type":"if","locations":[{"start":{"line":329,"column":8},"end":{"line":333,"column":9}},{"start":{"line":329,"column":8},"end":{"line":333,"column":9}}],"line":329},"47":{"loc":{"start":{"line":338,"column":8},"end":{"line":338,"column":43}},"type":"if","locations":[{"start":{"line":338,"column":8},"end":{"line":338,"column":43}},{"start":{"line":338,"column":8},"end":{"line":338,"column":43}}],"line":338},"48":{"loc":{"start":{"line":340,"column":8},"end":{"line":341,"column":52}},"type":"if","locations":[{"start":{"line":340,"column":8},"end":{"line":341,"column":52}},{"start":{"line":340,"column":8},"end":{"line":341,"column":52}}],"line":340},"49":{"loc":{"start":{"line":340,"column":12},"end":{"line":341,"column":38}},"type":"binary-expr","locations":[{"start":{"line":340,"column":12},"end":{"line":340,"column":37}},{"start":{"line":340,"column":41},"end":{"line":340,"column":65}},{"start":{"line":341,"column":15},"end":{"line":341,"column":38}}],"line":340},"50":{"loc":{"start":{"line":343,"column":8},"end":{"line":343,"column":96}},"type":"if","locations":[{"start":{"line":343,"column":8},"end":{"line":343,"column":96}},{"start":{"line":343,"column":8},"end":{"line":343,"column":96}}],"line":343},"51":{"loc":{"start":{"line":343,"column":12},"end":{"line":343,"column":82}},"type":"binary-expr","locations":[{"start":{"line":343,"column":12},"end":{"line":343,"column":24}},{"start":{"line":343,"column":28},"end":{"line":343,"column":82}}],"line":343},"52":{"loc":{"start":{"line":345,"column":8},"end":{"line":345,"column":94}},"type":"if","locations":[{"start":{"line":345,"column":8},"end":{"line":345,"column":94}},{"start":{"line":345,"column":8},"end":{"line":345,"column":94}}],"line":345},"53":{"loc":{"start":{"line":345,"column":12},"end":{"line":345,"column":80}},"type":"binary-expr","locations":[{"start":{"line":345,"column":12},"end":{"line":345,"column":23}},{"start":{"line":345,"column":27},"end":{"line":345,"column":80}}],"line":345},"54":{"loc":{"start":{"line":347,"column":8},"end":{"line":347,"column":92}},"type":"if","locations":[{"start":{"line":347,"column":8},"end":{"line":347,"column":92}},{"start":{"line":347,"column":8},"end":{"line":347,"column":92}}],"line":347},"55":{"loc":{"start":{"line":347,"column":12},"end":{"line":347,"column":78}},"type":"binary-expr","locations":[{"start":{"line":347,"column":12},"end":{"line":347,"column":22}},{"start":{"line":347,"column":26},"end":{"line":347,"column":78}}],"line":347},"56":{"loc":{"start":{"line":353,"column":8},"end":{"line":353,"column":69}},"type":"if","locations":[{"start":{"line":353,"column":8},"end":{"line":353,"column":69}},{"start":{"line":353,"column":8},"end":{"line":353,"column":69}}],"line":353},"57":{"loc":{"start":{"line":357,"column":8},"end":{"line":359,"column":9}},"type":"if","locations":[{"start":{"line":357,"column":8},"end":{"line":359,"column":9}},{"start":{"line":357,"column":8},"end":{"line":359,"column":9}}],"line":357},"58":{"loc":{"start":{"line":361,"column":8},"end":{"line":363,"column":9}},"type":"if","locations":[{"start":{"line":361,"column":8},"end":{"line":363,"column":9}},{"start":{"line":361,"column":8},"end":{"line":363,"column":9}}],"line":361},"59":{"loc":{"start":{"line":368,"column":12},"end":{"line":371,"column":13}},"type":"if","locations":[{"start":{"line":368,"column":12},"end":{"line":371,"column":13}},{"start":{"line":368,"column":12},"end":{"line":371,"column":13}}],"line":368},"60":{"loc":{"start":{"line":368,"column":16},"end":{"line":369,"column":75}},"type":"binary-expr","locations":[{"start":{"line":368,"column":16},"end":{"line":368,"column":53}},{"start":{"line":369,"column":19},"end":{"line":369,"column":75}}],"line":368},"61":{"loc":{"start":{"line":378,"column":8},"end":{"line":380,"column":55}},"type":"if","locations":[{"start":{"line":378,"column":8},"end":{"line":380,"column":55}},{"start":{"line":378,"column":8},"end":{"line":380,"column":55}}],"line":378},"62":{"loc":{"start":{"line":378,"column":12},"end":{"line":380,"column":40}},"type":"binary-expr","locations":[{"start":{"line":378,"column":12},"end":{"line":378,"column":58}},{"start":{"line":378,"column":62},"end":{"line":378,"column":85}},{"start":{"line":379,"column":16},"end":{"line":379,"column":32}},{"start":{"line":379,"column":36},"end":{"line":379,"column":68}},{"start":{"line":380,"column":15},"end":{"line":380,"column":40}}],"line":378},"63":{"loc":{"start":{"line":383,"column":8},"end":{"line":387,"column":9}},"type":"if","locations":[{"start":{"line":383,"column":8},"end":{"line":387,"column":9}},{"start":{"line":383,"column":8},"end":{"line":387,"column":9}}],"line":383},"64":{"loc":{"start":{"line":383,"column":12},"end":{"line":383,"column":44}},"type":"binary-expr","locations":[{"start":{"line":383,"column":12},"end":{"line":383,"column":29}},{"start":{"line":383,"column":33},"end":{"line":383,"column":44}}],"line":383},"65":{"loc":{"start":{"line":394,"column":8},"end":{"line":403,"column":9}},"type":"if","locations":[{"start":{"line":394,"column":8},"end":{"line":403,"column":9}},{"start":{"line":394,"column":8},"end":{"line":403,"column":9}}],"line":394},"66":{"loc":{"start":{"line":397,"column":15},"end":{"line":403,"column":9}},"type":"if","locations":[{"start":{"line":397,"column":15},"end":{"line":403,"column":9}},{"start":{"line":397,"column":15},"end":{"line":403,"column":9}}],"line":397},"67":{"loc":{"start":{"line":400,"column":15},"end":{"line":403,"column":9}},"type":"if","locations":[{"start":{"line":400,"column":15},"end":{"line":403,"column":9}},{"start":{"line":400,"column":15},"end":{"line":403,"column":9}}],"line":400},"68":{"loc":{"start":{"line":412,"column":8},"end":{"line":421,"column":9}},"type":"if","locations":[{"start":{"line":412,"column":8},"end":{"line":421,"column":9}},{"start":{"line":412,"column":8},"end":{"line":421,"column":9}}],"line":412},"69":{"loc":{"start":{"line":415,"column":15},"end":{"line":421,"column":9}},"type":"if","locations":[{"start":{"line":415,"column":15},"end":{"line":421,"column":9}},{"start":{"line":415,"column":15},"end":{"line":421,"column":9}}],"line":415},"70":{"loc":{"start":{"line":418,"column":15},"end":{"line":421,"column":9}},"type":"if","locations":[{"start":{"line":418,"column":15},"end":{"line":421,"column":9}},{"start":{"line":418,"column":15},"end":{"line":421,"column":9}}],"line":418},"71":{"loc":{"start":{"line":430,"column":8},"end":{"line":432,"column":9}},"type":"if","locations":[{"start":{"line":430,"column":8},"end":{"line":432,"column":9}},{"start":{"line":430,"column":8},"end":{"line":432,"column":9}}],"line":430},"72":{"loc":{"start":{"line":436,"column":8},"end":{"line":438,"column":9}},"type":"if","locations":[{"start":{"line":436,"column":8},"end":{"line":438,"column":9}},{"start":{"line":436,"column":8},"end":{"line":438,"column":9}}],"line":436},"73":{"loc":{"start":{"line":442,"column":8},"end":{"line":444,"column":9}},"type":"if","locations":[{"start":{"line":442,"column":8},"end":{"line":444,"column":9}},{"start":{"line":442,"column":8},"end":{"line":444,"column":9}}],"line":442},"74":{"loc":{"start":{"line":447,"column":12},"end":{"line":447,"column":27}},"type":"default-arg","locations":[{"start":{"line":447,"column":25},"end":{"line":447,"column":27}}],"line":447},"75":{"loc":{"start":{"line":465,"column":12},"end":{"line":467,"column":22}},"type":"cond-expr","locations":[{"start":{"line":466,"column":18},"end":{"line":466,"column":48}},{"start":{"line":467,"column":18},"end":{"line":467,"column":22}}],"line":465},"76":{"loc":{"start":{"line":470,"column":12},"end":{"line":472,"column":22}},"type":"cond-expr","locations":[{"start":{"line":471,"column":18},"end":{"line":471,"column":47}},{"start":{"line":472,"column":18},"end":{"line":472,"column":22}}],"line":470},"77":{"loc":{"start":{"line":478,"column":8},"end":{"line":480,"column":9}},"type":"if","locations":[{"start":{"line":478,"column":8},"end":{"line":480,"column":9}},{"start":{"line":478,"column":8},"end":{"line":480,"column":9}}],"line":478},"78":{"loc":{"start":{"line":478,"column":12},"end":{"line":478,"column":45}},"type":"binary-expr","locations":[{"start":{"line":478,"column":12},"end":{"line":478,"column":35}},{"start":{"line":478,"column":39},"end":{"line":478,"column":45}}],"line":478},"79":{"loc":{"start":{"line":482,"column":8},"end":{"line":484,"column":9}},"type":"if","locations":[{"start":{"line":482,"column":8},"end":{"line":484,"column":9}},{"start":{"line":482,"column":8},"end":{"line":484,"column":9}}],"line":482},"80":{"loc":{"start":{"line":482,"column":12},"end":{"line":482,"column":43}},"type":"binary-expr","locations":[{"start":{"line":482,"column":12},"end":{"line":482,"column":34}},{"start":{"line":482,"column":38},"end":{"line":482,"column":43}}],"line":482},"81":{"loc":{"start":{"line":494,"column":8},"end":{"line":495,"column":89}},"type":"if","locations":[{"start":{"line":494,"column":8},"end":{"line":495,"column":89}},{"start":{"line":494,"column":8},"end":{"line":495,"column":89}}],"line":494},"82":{"loc":{"start":{"line":494,"column":12},"end":{"line":495,"column":74}},"type":"binary-expr","locations":[{"start":{"line":494,"column":12},"end":{"line":494,"column":48}},{"start":{"line":494,"column":52},"end":{"line":494,"column":77}},{"start":{"line":495,"column":15},"end":{"line":495,"column":58}},{"start":{"line":495,"column":62},"end":{"line":495,"column":74}}],"line":494},"83":{"loc":{"start":{"line":509,"column":8},"end":{"line":519,"column":9}},"type":"if","locations":[{"start":{"line":509,"column":8},"end":{"line":519,"column":9}},{"start":{"line":509,"column":8},"end":{"line":519,"column":9}}],"line":509},"84":{"loc":{"start":{"line":510,"column":12},"end":{"line":512,"column":13}},"type":"if","locations":[{"start":{"line":510,"column":12},"end":{"line":512,"column":13}},{"start":{"line":510,"column":12},"end":{"line":512,"column":13}}],"line":510},"85":{"loc":{"start":{"line":523,"column":8},"end":{"line":524,"column":88}},"type":"if","locations":[{"start":{"line":523,"column":8},"end":{"line":524,"column":88}},{"start":{"line":523,"column":8},"end":{"line":524,"column":88}}],"line":523},"86":{"loc":{"start":{"line":523,"column":12},"end":{"line":524,"column":73}},"type":"binary-expr","locations":[{"start":{"line":523,"column":12},"end":{"line":523,"column":48}},{"start":{"line":523,"column":52},"end":{"line":523,"column":76}},{"start":{"line":524,"column":15},"end":{"line":524,"column":58}},{"start":{"line":524,"column":62},"end":{"line":524,"column":73}}],"line":523},"87":{"loc":{"start":{"line":538,"column":8},"end":{"line":548,"column":9}},"type":"if","locations":[{"start":{"line":538,"column":8},"end":{"line":548,"column":9}},{"start":{"line":538,"column":8},"end":{"line":548,"column":9}}],"line":538},"88":{"loc":{"start":{"line":539,"column":12},"end":{"line":541,"column":13}},"type":"if","locations":[{"start":{"line":539,"column":12},"end":{"line":541,"column":13}},{"start":{"line":539,"column":12},"end":{"line":541,"column":13}}],"line":539},"89":{"loc":{"start":{"line":552,"column":8},"end":{"line":553,"column":72}},"type":"if","locations":[{"start":{"line":552,"column":8},"end":{"line":553,"column":72}},{"start":{"line":552,"column":8},"end":{"line":553,"column":72}}],"line":552},"90":{"loc":{"start":{"line":552,"column":12},"end":{"line":553,"column":57}},"type":"binary-expr","locations":[{"start":{"line":552,"column":12},"end":{"line":552,"column":47}},{"start":{"line":552,"column":51},"end":{"line":552,"column":74}},{"start":{"line":553,"column":15},"end":{"line":553,"column":57}}],"line":552},"91":{"loc":{"start":{"line":567,"column":8},"end":{"line":573,"column":9}},"type":"if","locations":[{"start":{"line":567,"column":8},"end":{"line":573,"column":9}},{"start":{"line":567,"column":8},"end":{"line":573,"column":9}}],"line":567},"92":{"loc":{"start":{"line":569,"column":15},"end":{"line":573,"column":9}},"type":"if","locations":[{"start":{"line":569,"column":15},"end":{"line":573,"column":9}},{"start":{"line":569,"column":15},"end":{"line":573,"column":9}}],"line":569},"93":{"loc":{"start":{"line":571,"column":15},"end":{"line":573,"column":9}},"type":"if","locations":[{"start":{"line":571,"column":15},"end":{"line":573,"column":9}},{"start":{"line":571,"column":15},"end":{"line":573,"column":9}}],"line":571},"94":{"loc":{"start":{"line":577,"column":8},"end":{"line":586,"column":9}},"type":"if","locations":[{"start":{"line":577,"column":8},"end":{"line":586,"column":9}},{"start":{"line":577,"column":8},"end":{"line":586,"column":9}}],"line":577},"95":{"loc":{"start":{"line":578,"column":12},"end":{"line":580,"column":13}},"type":"if","locations":[{"start":{"line":578,"column":12},"end":{"line":580,"column":13}},{"start":{"line":578,"column":12},"end":{"line":580,"column":13}}],"line":578},"96":{"loc":{"start":{"line":590,"column":8},"end":{"line":590,"column":57}},"type":"if","locations":[{"start":{"line":590,"column":8},"end":{"line":590,"column":57}},{"start":{"line":590,"column":8},"end":{"line":590,"column":57}}],"line":590},"97":{"loc":{"start":{"line":597,"column":12},"end":{"line":600,"column":13}},"type":"if","locations":[{"start":{"line":597,"column":12},"end":{"line":600,"column":13}},{"start":{"line":597,"column":12},"end":{"line":600,"column":13}}],"line":597},"98":{"loc":{"start":{"line":614,"column":19},"end":{"line":616,"column":23}},"type":"cond-expr","locations":[{"start":{"line":615,"column":22},"end":{"line":615,"column":62}},{"start":{"line":616,"column":22},"end":{"line":616,"column":23}}],"line":614},"99":{"loc":{"start":{"line":652,"column":23},"end":{"line":654,"column":18}},"type":"cond-expr","locations":[{"start":{"line":653,"column":14},"end":{"line":653,"column":69}},{"start":{"line":654,"column":14},"end":{"line":654,"column":18}}],"line":652},"100":{"loc":{"start":{"line":656,"column":22},"end":{"line":658,"column":18}},"type":"cond-expr","locations":[{"start":{"line":657,"column":14},"end":{"line":657,"column":68}},{"start":{"line":658,"column":14},"end":{"line":658,"column":18}}],"line":656},"101":{"loc":{"start":{"line":667,"column":22},"end":{"line":667,"column":38}},"type":"default-arg","locations":[{"start":{"line":667,"column":36},"end":{"line":667,"column":38}}],"line":667},"102":{"loc":{"start":{"line":669,"column":8},"end":{"line":669,"column":64}},"type":"if","locations":[{"start":{"line":669,"column":8},"end":{"line":669,"column":64}},{"start":{"line":669,"column":8},"end":{"line":669,"column":64}}],"line":669},"103":{"loc":{"start":{"line":670,"column":8},"end":{"line":670,"column":62}},"type":"if","locations":[{"start":{"line":670,"column":8},"end":{"line":670,"column":62}},{"start":{"line":670,"column":8},"end":{"line":670,"column":62}}],"line":670},"104":{"loc":{"start":{"line":671,"column":8},"end":{"line":671,"column":64}},"type":"if","locations":[{"start":{"line":671,"column":8},"end":{"line":671,"column":64}},{"start":{"line":671,"column":8},"end":{"line":671,"column":64}}],"line":671}},"s":{"0":1,"1":1,"2":10,"3":7,"4":3,"5":0,"6":3,"7":7,"8":7,"9":7,"10":7,"11":7,"12":7,"13":7,"14":7,"15":7,"16":7,"17":7,"18":0,"19":0,"20":0,"21":0,"22":0,"23":0,"24":0,"25":0,"26":0,"27":7,"28":7,"29":7,"30":7,"31":7,"32":7,"33":7,"34":7,"35":7,"36":7,"37":7,"38":7,"39":7,"40":7,"41":7,"42":7,"43":7,"44":7,"45":7,"46":7,"47":7,"48":7,"49":0,"50":0,"51":7,"52":7,"53":7,"54":7,"55":7,"56":7,"57":7,"58":7,"59":7,"60":7,"61":7,"62":7,"63":0,"64":0,"65":0,"66":0,"67":0,"68":0,"69":0,"70":0,"71":0,"72":0,"73":0,"74":0,"75":0,"76":0,"77":0,"78":7,"79":0,"80":0,"81":0,"82":0,"83":0,"84":0,"85":0,"86":0,"87":0,"88":0,"89":0,"90":0,"91":0,"92":0,"93":0,"94":0,"95":0,"96":0,"97":0,"98":0,"99":0,"100":7,"101":7,"102":7,"103":7,"104":0,"105":0,"106":0,"107":0,"108":0,"109":0,"110":0,"111":0,"112":0,"113":0,"114":0,"115":0,"116":0,"117":0,"118":0,"119":0,"120":0,"121":0,"122":0,"123":0,"124":0,"125":0,"126":0,"127":0,"128":0,"129":0,"130":0,"131":0,"132":0,"133":0,"134":0,"135":0,"136":0,"137":0,"138":0,"139":0,"140":0,"141":0,"142":0,"143":0,"144":0,"145":0,"146":0,"147":0,"148":0,"149":0,"150":0,"151":0,"152":0,"153":0,"154":0,"155":0,"156":0,"157":0,"158":0,"159":0,"160":0,"161":0,"162":0,"163":0,"164":0,"165":0,"166":0,"167":0,"168":0,"169":0,"170":0,"171":0,"172":0,"173":0,"174":0,"175":0,"176":0,"177":0,"178":0,"179":0,"180":0,"181":0,"182":0,"183":0,"184":0,"185":0,"186":0,"187":0,"188":0,"189":0,"190":0,"191":0,"192":0,"193":0,"194":0,"195":0,"196":0,"197":0,"198":0,"199":0,"200":0,"201":0,"202":0,"203":0,"204":0,"205":0,"206":0,"207":0,"208":0,"209":0,"210":0,"211":0,"212":0,"213":0,"214":0,"215":0,"216":0,"217":0,"218":0,"219":0,"220":0,"221":0,"222":0,"223":0,"224":0,"225":0,"226":0,"227":0,"228":0,"229":0,"230":0,"231":0,"232":0,"233":0,"234":0,"235":0,"236":0,"237":0,"238":0,"239":0,"240":0,"241":0,"242":0,"243":0,"244":0,"245":0,"246":0,"247":0,"248":0,"249":0,"250":0,"251":0,"252":0,"253":0,"254":0,"255":0,"256":0,"257":0,"258":0,"259":0,"260":0,"261":0,"262":0,"263":0,"264":0,"265":0,"266":0,"267":0,"268":0,"269":0,"270":0,"271":0,"272":0,"273":0,"274":0,"275":0,"276":0,"277":0,"278":0,"279":0,"280":0,"281":0,"282":0,"283":0,"284":0,"285":0,"286":0,"287":0,"288":0,"289":0,"290":0,"291":0,"292":0,"293":0,"294":0,"295":0,"296":0,"297":0,"298":0,"299":0,"300":0,"301":0,"302":0,"303":0,"304":0,"305":0,"306":0,"307":0,"308":0,"309":0,"310":0,"311":0,"312":0,"313":0,"314":0,"315":0,"316":0,"317":0,"318":0,"319":0,"320":0,"321":0,"322":0,"323":0,"324":0,"325":0,"326":0,"327":0,"328":0,"329":0,"330":0,"331":0,"332":0,"333":0,"334":0,"335":0,"336":0,"337":0,"338":0,"339":0,"340":0,"341":0,"342":0,"343":0,"344":0,"345":0,"346":0,"347":0,"348":0,"349":0,"350":0,"351":0,"352":0,"353":0,"354":0,"355":0,"356":0,"357":0,"358":0,"359":0,"360":0,"361":0},"f":{"0":10,"1":7,"2":0,"3":7,"4":7,"5":0,"6":7,"7":7,"8":7,"9":0,"10":0,"11":0,"12":7,"13":0,"14":0,"15":0,"16":7,"17":7,"18":0,"19":0,"20":0,"21":0,"22":0,"23":0,"24":0,"25":0,"26":0,"27":0,"28":0,"29":0,"30":0,"31":0,"32":0,"33":0,"34":0,"35":0,"36":0,"37":0,"38":0,"39":0,"40":0,"41":0,"42":0,"43":0,"44":0,"45":0,"46":0,"47":0,"48":0,"49":0,"50":0,"51":0,"52":0,"53":0,"54":0,"55":0,"56":0,"57":0,"58":0,"59":0,"60":0,"61":0,"62":0,"63":0,"64":0,"65":0},"b":{"0":[9],"1":[7,3],"2":[0,3],"3":[7,0],"4":[4,3],"5":[3,4],"6":[0,0],"7":[0,0],"8":[0,0],"9":[0,0],"10":[0,0],"11":[0,0],"12":[0,0],"13":[0,0],"14":[0,0],"15":[7,6],"16":[0,7],"17":[0,0],"18":[0,0],"19":[0,0],"20":[0,0],"21":[0,0],"22":[0,0],"23":[0,0],"24":[0,0],"25":[0,0],"26":[0,0],"27":[0,0],"28":[0,0],"29":[0,0],"30":[0,0],"31":[0,0],"32":[0,0],"33":[0,0],"34":[0,0],"35":[0,0],"36":[0,0],"37":[0,0],"38":[0,0],"39":[0,0],"40":[0,0],"41":[0,0],"42":[0,0],"43":[0,0],"44":[0,0],"45":[0,0],"46":[0,0],"47":[0,0],"48":[0,0],"49":[0,0,0],"50":[0,0],"51":[0,0],"52":[0,0],"53":[0,0],"54":[0,0],"55":[0,0],"56":[0,0],"57":[0,0],"58":[0,0],"59":[0,0],"60":[0,0],"61":[0,0],"62":[0,0,0,0,0],"63":[0,0],"64":[0,0],"65":[0,0],"66":[0,0],"67":[0,0],"68":[0,0],"69":[0,0],"70":[0,0],"71":[0,0],"72":[0,0],"73":[0,0],"74":[0],"75":[0,0],"76":[0,0],"77":[0,0],"78":[0,0],"79":[0,0],"80":[0,0],"81":[0,0],"82":[0,0,0,0],"83":[0,0],"84":[0,0],"85":[0,0],"86":[0,0,0,0],"87":[0,0],"88":[0,0],"89":[0,0],"90":[0,0,0],"91":[0,0],"92":[0,0],"93":[0,0],"94":[0,0],"95":[0,0],"96":[0,0],"97":[0,0],"98":[0,0],"99":[0,0],"100":[0,0],"101":[0],"102":[0,0],"103":[0,0],"104":[0,0]},"_coverageSchema":"1a1c01bbd47fc00a2c39e90264f33305004495a9","hash":"7d3827e31cfb6c91caa37f0d3dbdb8b1004484f7"}
,"D:\\Programming\\Projects\\scratch-components\\src\\ScratchComponentDefaults.js": {"path":"D:\\Programming\\Projects\\scratch-components\\src\\ScratchComponentDefaults.js","statementMap":{},"fnMap":{},"branchMap":{},"s":{},"f":{},"b":{},"_coverageSchema":"1a1c01bbd47fc00a2c39e90264f33305004495a9","hash":"8c9d05d473d5f05ec3e9fa25f84a2b3b1ca0f032"}
,"D:\\Programming\\Projects\\scratch-components\\src\\util\\DOM.js": {"path":"D:\\Programming\\Projects\\scratch-components\\src\\util\\DOM.js","statementMap":{"0":{"start":{"line":3,"column":21},"end":{"line":3,"column":50}},"1":{"start":{"line":4,"column":8},"end":{"line":4,"column":30}},"2":{"start":{"line":5,"column":8},"end":{"line":5,"column":77}},"3":{"start":{"line":10,"column":25},"end":{"line":10,"column":63}},"4":{"start":{"line":13,"column":12},"end":{"line":15,"column":27}},"5":{"start":{"line":14,"column":29},"end":{"line":14,"column":61}},"6":{"start":{"line":19,"column":8},"end":{"line":21,"column":9}},"7":{"start":{"line":20,"column":12},"end":{"line":20,"column":24}},"8":{"start":{"line":25,"column":22},"end":{"line":25,"column":86}},"9":{"start":{"line":26,"column":8},"end":{"line":26,"column":40}}},"fnMap":{"0":{"name":"(anonymous_0)","decl":{"start":{"line":2,"column":4},"end":{"line":2,"column":5}},"loc":{"start":{"line":2,"column":35},"end":{"line":6,"column":5}},"line":2},"1":{"name":"(anonymous_1)","decl":{"start":{"line":9,"column":4},"end":{"line":9,"column":5}},"loc":{"start":{"line":9,"column":21},"end":{"line":27,"column":5}},"line":9},"2":{"name":"(anonymous_2)","decl":{"start":{"line":14,"column":18},"end":{"line":14,"column":19}},"loc":{"start":{"line":14,"column":29},"end":{"line":14,"column":61}},"line":14}},"branchMap":{"0":{"loc":{"start":{"line":5,"column":15},"end":{"line":5,"column":76}},"type":"cond-expr","locations":[{"start":{"line":5,"column":44},"end":{"line":5,"column":60}},{"start":{"line":5,"column":63},"end":{"line":5,"column":76}}],"line":5},"1":{"loc":{"start":{"line":13,"column":12},"end":{"line":15,"column":27}},"type":"cond-expr","locations":[{"start":{"line":14,"column":18},"end":{"line":14,"column":61}},{"start":{"line":15,"column":18},"end":{"line":15,"column":27}}],"line":13},"2":{"loc":{"start":{"line":19,"column":8},"end":{"line":21,"column":9}},"type":"if","locations":[{"start":{"line":19,"column":8},"end":{"line":21,"column":9}},{"start":{"line":19,"column":8},"end":{"line":21,"column":9}}],"line":19},"3":{"loc":{"start":{"line":19,"column":12},"end":{"line":19,"column":101}},"type":"binary-expr","locations":[{"start":{"line":19,"column":13},"end":{"line":19,"column":37}},{"start":{"line":19,"column":43},"end":{"line":19,"column":63}},{"start":{"line":19,"column":67},"end":{"line":19,"column":100}}],"line":19},"4":{"loc":{"start":{"line":26,"column":16},"end":{"line":26,"column":38}},"type":"cond-expr","locations":[{"start":{"line":26,"column":21},"end":{"line":26,"column":30}},{"start":{"line":26,"column":33},"end":{"line":26,"column":38}}],"line":26}},"s":{"0":7,"1":7,"2":7,"3":1,"4":1,"5":0,"6":1,"7":0,"8":1,"9":1},"f":{"0":7,"1":1,"2":0},"b":{"0":[7,0],"1":[0,1],"2":[0,1],"3":[1,1,0],"4":[0,1]},"_coverageSchema":"1a1c01bbd47fc00a2c39e90264f33305004495a9","hash":"4222d511de545006ece3539db9726160b15ea98a"}
,"D:\\Programming\\Projects\\scratch-components\\src\\util\\component.js": {"path":"D:\\Programming\\Projects\\scratch-components\\src\\util\\component.js","statementMap":{"0":{"start":{"line":7,"column":34},"end":{"line":7,"column":68}},"1":{"start":{"line":8,"column":30},"end":{"line":8,"column":63}},"2":{"start":{"line":10,"column":8},"end":{"line":15,"column":10}},"3":{"start":{"line":19,"column":8},"end":{"line":19,"column":53}},"4":{"start":{"line":19,"column":40},"end":{"line":19,"column":53}},"5":{"start":{"line":21,"column":8},"end":{"line":22,"column":75}},"6":{"start":{"line":26,"column":23},"end":{"line":31,"column":9}},"7":{"start":{"line":33,"column":8},"end":{"line":33,"column":54}},"8":{"start":{"line":37,"column":23},"end":{"line":42,"column":9}},"9":{"start":{"line":44,"column":8},"end":{"line":44,"column":54}},"10":{"start":{"line":49,"column":47},"end":{"line":49,"column":53}},"11":{"start":{"line":51,"column":8},"end":{"line":53,"column":50}},"12":{"start":{"line":57,"column":8},"end":{"line":57,"column":94}},"13":{"start":{"line":61,"column":27},"end":{"line":61,"column":67}},"14":{"start":{"line":62,"column":8},"end":{"line":62,"column":55}},"15":{"start":{"line":64,"column":31},"end":{"line":64,"column":99}},"16":{"start":{"line":65,"column":36},"end":{"line":65,"column":103}},"17":{"start":{"line":66,"column":27},"end":{"line":66,"column":69}},"18":{"start":{"line":68,"column":8},"end":{"line":73,"column":10}},"19":{"start":{"line":78,"column":30},"end":{"line":82,"column":14}},"20":{"start":{"line":84,"column":33},"end":{"line":85,"column":82}},"21":{"start":{"line":87,"column":28},"end":{"line":88,"column":72}},"22":{"start":{"line":90,"column":27},"end":{"line":91,"column":70}},"23":{"start":{"line":93,"column":25},"end":{"line":96,"column":48}},"24":{"start":{"line":98,"column":8},"end":{"line":98,"column":82}},"25":{"start":{"line":102,"column":8},"end":{"line":112,"column":10}},"26":{"start":{"line":117,"column":8},"end":{"line":123,"column":51}},"27":{"start":{"line":119,"column":16},"end":{"line":121,"column":24}},"28":{"start":{"line":122,"column":27},"end":{"line":122,"column":35}},"29":{"start":{"line":129,"column":8},"end":{"line":129,"column":59}},"30":{"start":{"line":134,"column":20},"end":{"line":134,"column":58}},"31":{"start":{"line":135,"column":21},"end":{"line":135,"column":60}},"32":{"start":{"line":137,"column":8},"end":{"line":137,"column":29}}},"fnMap":{"0":{"name":"(anonymous_0)","decl":{"start":{"line":6,"column":4},"end":{"line":6,"column":5}},"loc":{"start":{"line":6,"column":43},"end":{"line":16,"column":5}},"line":6},"1":{"name":"(anonymous_1)","decl":{"start":{"line":18,"column":4},"end":{"line":18,"column":5}},"loc":{"start":{"line":18,"column":57},"end":{"line":23,"column":5}},"line":18},"2":{"name":"(anonymous_2)","decl":{"start":{"line":25,"column":4},"end":{"line":25,"column":5}},"loc":{"start":{"line":25,"column":58},"end":{"line":34,"column":5}},"line":25},"3":{"name":"(anonymous_3)","decl":{"start":{"line":36,"column":4},"end":{"line":36,"column":5}},"loc":{"start":{"line":36,"column":56},"end":{"line":45,"column":5}},"line":36},"4":{"name":"(anonymous_4)","decl":{"start":{"line":47,"column":4},"end":{"line":47,"column":5}},"loc":{"start":{"line":47,"column":36},"end":{"line":54,"column":5}},"line":47},"5":{"name":"(anonymous_5)","decl":{"start":{"line":56,"column":4},"end":{"line":56,"column":5}},"loc":{"start":{"line":56,"column":39},"end":{"line":58,"column":5}},"line":56},"6":{"name":"(anonymous_6)","decl":{"start":{"line":60,"column":4},"end":{"line":60,"column":5}},"loc":{"start":{"line":60,"column":58},"end":{"line":74,"column":5}},"line":60},"7":{"name":"(anonymous_7)","decl":{"start":{"line":77,"column":4},"end":{"line":77,"column":5}},"loc":{"start":{"line":77,"column":33},"end":{"line":99,"column":5}},"line":77},"8":{"name":"(anonymous_8)","decl":{"start":{"line":101,"column":4},"end":{"line":101,"column":5}},"loc":{"start":{"line":101,"column":54},"end":{"line":113,"column":5}},"line":101},"9":{"name":"(anonymous_9)","decl":{"start":{"line":115,"column":4},"end":{"line":115,"column":5}},"loc":{"start":{"line":116,"column":51},"end":{"line":124,"column":5}},"line":116},"10":{"name":"(anonymous_10)","decl":{"start":{"line":118,"column":17},"end":{"line":118,"column":18}},"loc":{"start":{"line":119,"column":16},"end":{"line":121,"column":24}},"line":119},"11":{"name":"(anonymous_11)","decl":{"start":{"line":122,"column":20},"end":{"line":122,"column":21}},"loc":{"start":{"line":122,"column":27},"end":{"line":122,"column":35}},"line":122},"12":{"name":"(anonymous_12)","decl":{"start":{"line":126,"column":4},"end":{"line":126,"column":5}},"loc":{"start":{"line":126,"column":59},"end":{"line":131,"column":5}},"line":126},"13":{"name":"(anonymous_13)","decl":{"start":{"line":133,"column":4},"end":{"line":133,"column":5}},"loc":{"start":{"line":133,"column":48},"end":{"line":138,"column":5}},"line":133}},"branchMap":{"0":{"loc":{"start":{"line":19,"column":8},"end":{"line":19,"column":53}},"type":"if","locations":[{"start":{"line":19,"column":8},"end":{"line":19,"column":53}},{"start":{"line":19,"column":8},"end":{"line":19,"column":53}}],"line":19},"1":{"loc":{"start":{"line":19,"column":12},"end":{"line":19,"column":38}},"type":"binary-expr","locations":[{"start":{"line":19,"column":12},"end":{"line":19,"column":23}},{"start":{"line":19,"column":27},"end":{"line":19,"column":38}}],"line":19},"2":{"loc":{"start":{"line":21,"column":16},"end":{"line":22,"column":73}},"type":"binary-expr","locations":[{"start":{"line":21,"column":16},"end":{"line":21,"column":76}},{"start":{"line":22,"column":15},"end":{"line":22,"column":73}}],"line":21},"3":{"loc":{"start":{"line":51,"column":15},"end":{"line":53,"column":49}},"type":"binary-expr","locations":[{"start":{"line":51,"column":16},"end":{"line":51,"column":32}},{"start":{"line":51,"column":36},"end":{"line":51,"column":50}},{"start":{"line":52,"column":16},"end":{"line":52,"column":30}},{"start":{"line":52,"column":34},"end":{"line":52,"column":46}},{"start":{"line":53,"column":16},"end":{"line":53,"column":32}},{"start":{"line":53,"column":36},"end":{"line":53,"column":48}}],"line":51},"4":{"loc":{"start":{"line":57,"column":15},"end":{"line":57,"column":93}},"type":"binary-expr","locations":[{"start":{"line":57,"column":15},"end":{"line":57,"column":44}},{"start":{"line":57,"column":48},"end":{"line":57,"column":93}}],"line":57},"5":{"loc":{"start":{"line":103,"column":12},"end":{"line":111,"column":20}},"type":"cond-expr","locations":[{"start":{"line":105,"column":20},"end":{"line":109,"column":63}},{"start":{"line":111,"column":18},"end":{"line":111,"column":20}}],"line":103},"6":{"loc":{"start":{"line":105,"column":35},"end":{"line":105,"column":50}},"type":"binary-expr","locations":[{"start":{"line":105,"column":35},"end":{"line":105,"column":44}},{"start":{"line":105,"column":48},"end":{"line":105,"column":50}}],"line":105},"7":{"loc":{"start":{"line":106,"column":32},"end":{"line":106,"column":53}},"type":"binary-expr","locations":[{"start":{"line":106,"column":32},"end":{"line":106,"column":48}},{"start":{"line":106,"column":52},"end":{"line":106,"column":53}}],"line":106},"8":{"loc":{"start":{"line":107,"column":33},"end":{"line":107,"column":55}},"type":"binary-expr","locations":[{"start":{"line":107,"column":33},"end":{"line":107,"column":50}},{"start":{"line":107,"column":54},"end":{"line":107,"column":55}}],"line":107},"9":{"loc":{"start":{"line":108,"column":30},"end":{"line":108,"column":49}},"type":"binary-expr","locations":[{"start":{"line":108,"column":30},"end":{"line":108,"column":44}},{"start":{"line":108,"column":48},"end":{"line":108,"column":49}}],"line":108},"10":{"loc":{"start":{"line":109,"column":
[...]
,"D:\\Programming\\Projects\\scratch-components\\src\\util\\scratchShape.js": {"path":"D:\\Programming\\Projects\\scratch-components\\src\\util\\scratchShape.js","statementMap":{"0":{"start":{"line":3,"column":17},"end":{"line":13,"column":1}},"1":{"start":{"line":17,"column":20},"end":{"line":17,"column":68}},"2":{"start":{"line":18,"column":27},"end":{"line":18,"column":80}},"3":{"start":{"line":19,"column":30},"end":{"line":19,"column":48}},"4":{"start":{"line":20,"column":35},"end":{"line":20,"column":53}},"5":{"start":{"line":21,"column":38},"end":{"line":21,"column":55}},"6":{"start":{"line":22,"column":31},"end":{"line":22,"column":48}},"7":{"start":{"line":23,"column":34},"end":{"line":23,"column":52}},"8":{"start":{"line":24,"column":33},"end":{"line":24,"column":52}},"9":{"start":{"line":25,"column":39},"end":{"line":25,"column":65}},"10":{"start":{"line":26,"column":33},"end":{"line":26,"column":38}},"11":{"start":{"line":27,"column":32},"end":{"line":27,"column":38}},"12":{"start":{"line":28,"column":34},"end":{"line":28,"column":40}},"13":{"start":{"line":29,"column":32},"end":{"line":29,"column":70}},"14":{"start":{"line":30,"column":30},"end":{"line":30,"column":73}},"15":{"start":{"line":31,"column":31},"end":{"line":31,"column":74}},"16":{"start":{"line":32,"column":32},"end":{"line":32,"column":75}},"17":{"start":{"line":33,"column":31},"end":{"line":33,"column":74}},"18":{"start":{"line":34,"column":30},"end":{"line":34,"column":109}},"19":{"start":{"line":35,"column":36},"end":{"line":35,"column":42}},"20":{"start":{"line":36,"column":28},"end":{"line":36,"column":122}},"21":{"start":{"line":37,"column":34},"end":{"line":37,"column":41}},"22":{"start":{"line":38,"column":26},"end":{"line":38,"column":29}},"23":{"start":{"line":40,"column":21},"end":{"line":53,"column":42}},"24":{"start":{"line":55,"column":22},"end":{"line":55,"column":36}},"25":{"start":{"line":56,"column":23},"end":{"line":57,"column":56}},"26":{"start":{"line":59,"column":8},"end":{"line":85,"column":10}},"27":{"start":{"line":89,"column":20},"end":{"line":89,"column":68}},"28":{"start":{"line":91,"column":27},"end":{"line":91,"column":80}},"29":{"start":{"line":92,"column":30},"end":{"line":92,"column":48}},"30":{"start":{"line":93,"column":35},"end":{"line":93,"column":53}},"31":{"start":{"line":94,"column":38},"end":{"line":94,"column":55}},"32":{"start":{"line":95,"column":31},"end":{"line":95,"column":48}},"33":{"start":{"line":96,"column":34},"end":{"line":96,"column":52}},"34":{"start":{"line":97,"column":33},"end":{"line":97,"column":52}},"35":{"start":{"line":98,"column":43},"end":{"line":98,"column":69}},"36":{"start":{"line":99,"column":44},"end":{"line":99,"column":69}},"37":{"start":{"line":100,"column":33},"end":{"line":100,"column":38}},"38":{"start":{"line":101,"column":32},"end":{"line":101,"column":38}},"39":{"start":{"line":102,"column":34},"end":{"line":102,"column":40}},"40":{"start":{"line":103,"column":32},"end":{"line":103,"column":70}},"41":{"start":{"line":104,"column":30},"end":{"line":104,"column":73}},"42":{"start":{"line":105,"column":31},"end":{"line":105,"column":74}},"43":{"start":{"line":106,"column":32},"end":{"line":106,"column":75}},"44":{"start":{"line":107,"column":31},"end":{"line":107,"column":74}},"45":{"start":{"line":108,"column":30},"end":{"line":108,"column":109}},"46":{"start":{"line":109,"column":36},"end":{"line":109,"column":42}},"47":{"start":{"line":110,"column":28},"end":{"line":110,"column":122}},"48":{"start":{"line":111,"column":34},"end":{"line":111,"column":41}},"49":{"start":{"line":112,"column":26},"end":{"line":112,"column":29}},"50":{"start":{"line":114,"column":21},"end":{"line":133,"column":42}},"51":{"start":{"line":135,"column":22},"end":{"line":135,"column":36}},"52":{"start":{"line":136,"column":23},"end":{"line":138,"column":56}},"53":{"start":{"line":140,"column":8},"end":{"line":173,"column":10}},"54":{"start":{"line":177,"column":20},"end":{"line":177,"column":68}},"55":{"start":{"line":179,"column":27},"end":{"line":179,"column":80}},"56":{"start":{"line":180,"column":30},"end":{"line":180,"column":48}},"57":{"start":{"line":181,"column":31},"end":{"line":181,"column":48}},"58":{"start":{"line":182,"column":34},"end":{"line":182,"column":52}},"59":{"start":{"line":183,"column":33},"end":{"line":183,"column":52}},"60":{"start":{"line":184,"column":33},"end":{"line":184,"column":38}},"61":{"start":{"line":185,"column":32},"end":{"line":185,"column":38}},"62":{"start":{"line":186,"column":32},"end":{"line":186,"column":70}},"63":{"start":{"line":187,"column":32},"end":{"line":187,"column":75}},"64":{"start":{"line":188,"column":31},"end":{"line":188,"column":74}},"65":{"start":{"line":189,"column":30},"end":{"line":189,"column":109}},"66":{"start":{"line":190,"column":28},"end":{"line":190,"column":122}},"67":{"start":{"line":191,"column":34},"end":{"line":191,"column":41}},"68":{"start":{"line":192,"column":26},"end":{"line":192,"column":29}},"69":{"start":{"line":194,"column":21},"end":{"line":199,"column":23}},"70":{"start":{"line":201,"column":22},"end":{"line":201,"column":36}},"71":{"start":{"line":202,"column":23},"end":{"line":203,"column":33}},"72":{"start":{"line":205,"column":8},"end":{"line":225,"column":10}},"73":{"start":{"line":229,"column":20},"end":{"line":229,"column":68}},"74":{"start":{"line":231,"column":27},"end":{"line":231,"column":81}},"75":{"start":{"line":232,"column":23},"end":{"line":232,"column":45}},"76":{"start":{"line":233,"column":31},"end":{"line":233,"column":48}},"77":{"start":{"line":234,"column":34},"end":{"line":234,"column":52}},"78":{"start":{"line":235,"column":33},"end":{"line":235,"column":52}},"79":{"start":{"line":236,"column":32},"end":{"line":236,"column":38}},"80":{"start":{"line":237,"column":32},"end":{"line":237,"column":56}},"81":{"start":{"line":238,"column":32},"end":{"line":238,"column":76}},"82":{"start":{"line":239,"column":31},"end":{"line":239,"column":74}},"83":{"start":{"line":240,"column":28},"end":{"line":240,"column":122}},"84":{"start":{"line":241,"column":26},"end":{"line":241,"column":29}},"85":{"start":{"line":243,"column":21},"end":{"line":247,"column":23}},"86":{"start":{"line":249,"column":22},"end":{"line":249,"column":36}},"87":{"start":{"line":250,"column":23},"end":{"line":250,"column":60}},"88":{"start":{"line":252,"column":8},"end":{"line":272,"column":10}},"89":{"start":{"line":276,"column":20},"end":{"line":276,"column":68}},"90":{"start":{"line":278,"column":27},"end":{"line":278,"column":81}},"91":{"start":{"line":279,"column":30},"end":{"line":279,"column":52}},"92":{"start":{"line":280,"column":31},"end":{"line":280,"column":52}},"93":{"start":{"line":281,"column":34},"end":{"line":281,"column":52}},"94":{"start":{"line":282,"column":33},"end":{"line":282,"column":52}},"95":{"start":{"line":283,"column":32},"end":{"line":283,"column":38}},"96":{"start":{"line":284,"column":32},"end":{"line":284,"column":56}},"97":{"start":{"line":285,"column":32},"end":{"line":285,"column":75}},"98":{"start":{"line":286,"column":31},"end":{"line":286,"column":74}},"99":{"start":{"line":287,"column":28},"end":{"line":287,"column":122}},"100":{"start":{"line":288,"column":26},"end":{"line":288,"column":29}},"101":{"start":{"line":290,"column":21},"end":{"line":294,"column":23}},"102":{"start":{"line":296,"column":22},"end":{"line":296,"column":36}},"103":{"start":{"line":297,"column":23},"end":{"line":297,"column":60}},"104":{"start":{"line":299,"column":8},"end":{"line":319,"column":10}},"105":{"start":{"line":323,"column":20},"end":{"line":323,"column":41}},"106":{"start":{"line":324,"column":21},"end":{"line":324,"column":45}},"107":{"start":{"line":326,"column":8},"end":{"line":337,"column":10}}},"fnMap":{"0":{"name":"(anonymous_0)","decl":{"start":{"line":16,"column":4},"end":{"line":16,"column":5}},"loc":{"start":{"line":16,"column":47},"end":{"line":86,"column":5}},"line":16},"1":{"name":"(anonymous_1)","decl":{"start":{"line":88,"column":4},"end":{"line":88,"column":5}},"loc":{"start":{"line":88,"column":52},"end":{"line":174,"column":5}},"line":88},"2":{"name":"(anonymous_2)","decl":{"start":{"line":176,"column":4},"end":{"line":176,"column":5}},"loc":{"start":{"line":176,"column":45},"end":{"line":226,"column":5}},"line":176},"3":{"name":"(anonymous_3)","decl":{"start":{"line":228,"column":4},"end":{"line":228,"column":5}},"loc":{"start":{"line":228,"column":41},"end":{"line":273,"column":5}},"line":228},"4":{"name":"(anonymous_4)","decl":{"start":{"line":275,"column":4},"end":{"line":275,"column":5}},"loc":{"start":{"line":275,"column":44},"end":{"line":320,"column":5}},"line":275},"5":{"name":"(anonymous_5)","decl":{"start":{"line":322,"column":4},"end":{"line":322,"column":5}},"loc":{"start":{"line":322,"column":45},"end":{"line":338,"column":5}},"line":322}},"branchMap":{"0":{"loc":{"start":{"line":16,"column":23},"end":{"line":16,"column":31}},"type":"default-arg","locations":[{"start":{"line":16,"column":29},"end":{"line":16,"column":31}}],"line":16},"1":{"loc":{"start":{"line":16,"column":33},"end":{"line":16,"column":45}},"type":"default-arg","locations":[{"start":{"line":16,"column":43},"end":{"line":16,"column":45}}],"line":16},"2":{"loc":{"start":{"line":47,"column":15},"end":{"line":47,"column":63}},"type":"cond-expr","locations":[{"start":{"line":47,"column":28},"end":{"line":47,"column":41}},{"start":{"line":47,"column":44},"end":{"line":47,"column":63}}],"line":47},"3":{"loc":{"start":{"line":51,"column":15},"end":{"line":51,"column":57}},"type":"cond-expr","locations":[{"start":{"line":51,"column":26},"end":{"line":51,"column":37}},{"start":{"line":51,"column":40},"end":{"line":51,"column":57}}],"line":51},"4":{"loc":{"start":{"line":57,"column":37},"end":{"line":57,"column":55}},"type":"cond-expr","locations":[{"start":{"line":57,"column":48},"end":{"line":57,"column":50}},{"start":{"line":57,"column":53},"end":{"line":57,"column":55}}],"line":57},"5":{"loc":{"start":{"line":65,"column":41},"end":{"line":65,"column":57}},"type":"cond-expr","locations":[{"start":{"line":65,"column":52},"end":{"line":65,"column":53}},{"start":{"line":65,"column":56},"end":{"line":65,"column":57}}],"line":65},"6":{"loc":{"start":{"line":81,"column":35},"end":{"line":81,"column":51}},"type":"cond-expr","locations":[{"start":{"line":81,"column":46},"end":{"line":81,"column":47}},{"start":{"line":81,"column":50},"end":{"line":81,"column":51}}],"line":81},"7":{"loc":{"start":{"line":88,"column":28},"end":{"line":88,"column":36}},"type":"default-arg","locations":[{"start":{"line":88,"column":34},"end":{"line":88,"column":36}}],"line":88},"8":{"loc":{"start":{"line":88,"column":38},"end":{"line":88,"column":50}},"type":"default-arg","locations":[{"start":{"line":88,"column":48},"end":{"line":88,"column":50}}],"line":88},"9":{"loc":{"start":{"line":120,"column":15},"end":{"line":120,"column":63}},"type":"cond-expr","locations":[{"start":{"line":120,"column":28},"end":{"line":120,"column":41}},{"start":{"line":120,"column":44},"end":{"line":120,"column":63}}],"line":120},"10":{"loc":{"start":{"line":127,"column":15},"end":{"line":127,"column":62}},"type":"cond-expr","locations":[{"start":{"line":127,"column":27},"end":{"line":127,"column":40}},{"start":{"line":127,"column":43},"end":{"line":127,"column":62}}],"line":127},"11":{"loc":{"start":{"line":131,"column":15},"end":{"line":131,"column":57}},"type":"cond-expr","locations":[{"start":{"line":131,"column":26},"end":{"line":131,"column":37}},{"start":{"line":131,"column":40},"end":{"line":131,"column":57}}],"line":131},"12":{"loc":{"start":{"line":138,"column":37},"end":{"line":138,"column":55}},"type":"cond-expr","locations":[{"start":{"line":138,"column":48},"end":{"line":138,"column":50}},{"start":{"line":138,"column":53},"end":{"line":138,"column":55}}],"line":138},"13":{"loc":{"start":{"line":145,"column":41},"end":{"line":145,"column":57}},"type":"cond-expr","locations":[{"start":{"line":145,"column":52},"end":{"line":145,"column":53}},{"start":{"line":145,"column":56},"end":{"line":145,"column":57}}],"line":145},"14":{"loc":{"start":{"line":169,"column":35},"end":{"line":169,"column":51}},"type":"cond-expr","locations":[{"start":{"line":169,"column":46},"end":{"line":169,"column":47}},{"start":{"line":169,"column":50},"end":{"line":169,"column":51}}],"line":169},"15":{"loc":{"start":{"line":176,"column":21},"end":{"line":176,"column":29}},"type":"default-arg","locations":[{"start":{"line":176,"column":27},"end":{"line":176,"column":29}}],"line":176},"16":{"loc":{"start":{"line":176,"column":31},"end":{"line":176,"column":43}},"type":"default-arg","locations":[{"start":{"line":176,"column":41},"end":{"line":176,"column":43}}],"line":176},"17":{"loc":{"start":{"line":197,"column":15},"end":{"line":197,"column":57}},"type":"cond-expr","locations":[{"start":{"line":197,"column":26},"end":{"line":197,"column":37}},{"start":{"line":197,"column":40},"end":{"line":197,"column":57}}],"line":197},"18":{"loc":{"start":{"line":203,"column":15},"end":{"line":203,"column":32}},"type":"cond-expr","locations":[{"start":{"line":203,"column":26},"end":{"line":203,"column":28}},{"start":{"line":203,"column":31},"end":{"line":203,"column":32}}],"line":203},"19":{"loc":{"start":{"line":210,"column":41},"end":{"line":210,"column":57}},"type":"cond-expr","locations":[{"start":{"line":210,"column":52},"end":{"line":210,"column":53}},{"start":{"line":210,"column":56},"end":{"line":210,"column":57}}],"line":210},"20":{"loc":{"start":{"line":221,"column":35},"end":{"line":221,"column":51}},"type":"cond-expr","locations":[{"start":{"line":221,"column":46},"end":{"line":221,"column":47}},{"start":{"line":221,"column":50},"end":{"line":221,"column":51}}],"line":221},"21":{"loc":{"start":{"line":228,"column":17},"end":{"line":228,"column":25}},"type":"default-arg","locations":[{"start":{"line":228,"column":23},"end":{"line":228,"column":25}}],"line":228},"22":{"loc":{"start":{"line":228,"column":27},"end":{"line":228,"column":39}},"type":"default-arg","locations":[{"start":{"line":228,"column":37},"end":{"line":228,"column":39}}],"line":228},"23":{"loc":{"start":{"line":275,"column":20},"end":{"line":275,"column":28}},"type":"default-arg","locations":[{"start":{"line":275,"column":26},"end":{"line":275,"column":28}}],"line":275},"24":{"loc":{"start":{"line":275,"column":30},"end":{"line":275,"column":42}},"type":"default-arg","locations":[{"start":{"line":275,"column":40},"end":{"line":275,"column":42}}],"line":275},"25":{"loc":{"start":{"line":323,"column":20},"end":{"line":323,"column":41}},"type":"binary-expr","locations":[{"start":{"line":323,"column":20},"end":{"line":323,"column":35}},{"start":{"line":323,"column":39},"end":{"line":323,"column":41}}],"line":323},"26":{"loc":{"start":{"line":324,"column":21},"end":{"line":324,"column":45}},"type":"binary-expr","locations":[{"start":{"line":324,"column":21},"end":{"line":324,"column":39}},{"start":{"line":324,"column":43},"end":{"line":324,"column":45}}],"line":324},"27":{"loc":{"start":{"line":327,"column":25},"end":{"line":327,"column":62}},"type":"binary-expr","locations":[{"start":{"line":327,"column":25},"end":{"line":327,"column":39}},{"start":{"line":327,"column":43},"end":{"line":327,"column":62}}],"line":327},"28":{"loc":{"start":{"line":328,"column":25},"end":{"line":328,"column":73}},"type":"binary-expr","locations":[{"start":{"line":328,"column":25},"end":{"line":328,"column":55}},{"start":{"line":328,"column":59},"end":{"line":328,"column":73}}],"line":328},"29":{"loc":{"start":{"line":329,"column":24},"end":{"line":329,"column":86}},"type":"binary-expr","locations":[{"start":{"line":329,"column":24},"end":{"line":329,"column":63}},{"start":{"line":329,"column":67},"end":{"line":329,"column":86}}],"line":329},"30":{"loc":{"start":{"line":330,"column":25},"end":{"line":330,"column":89}},"type":"binary-expr","locations":[{"start":{"line":330,"column":25},"end":{"line":330,"column":65}},{"start":{"line":330,"column":69},"end":{"line":330,"column":89}}],"line":330},"31":{"loc":{"start":{"line":331,"column":26},"end":{"line":331,"column":67}},"type":"binary-expr","locations":[{"start":{"line":331,"column":26},"end":{"line":331,"column":42}},{"start":{"line":331,"column":46},"end":{"line":331,"column":67}}],"line":331},"32":{"loc":{"start":{"line":332,"column":25},"end":{"line":332,"column":64}},"type":"binary-expr","locations":[{"start":{"line":332,"column":25},"end":{"line":332,"column":40}},{"start":{"line":332,"column":44},"end":{"line":332,"column":64}}],"line":332},"33":{"loc":{"start":{"line":334,"column":18},"end":{"line":334,"column":76}},"type":"cond-expr","locations":[{"start":{"line":334,"column":52},"end":{"line":334,"column":65}},{"start":{"line":334,"column":68},"end":{"line":334,"column":76}}],"line":334},"34":{"loc":{"start":{"line":335,"column":20},"end":{"line":335,"column":84}},"type":"cond-expr","locations":[{"start":{"line":335,"column":56},"end":{"line":335,"column":71}},{"start":{"line":335,"column":74},"end":{"line":335,"column":84}}],"line":335},"35":{"loc":{"start":{"line":336,"column":19},"end":{"line":336,"column":80}},"type":"cond-expr","locations":[{"start":{"line":336,"column":54},"end":{"line":336,"column":68}},{"start":{"line":336,"column":71},"end":{"line":336,"column":80}}],"line":336}},"s":{"0":1,"1":1,"2":1,"3":1,"4":1,"5":1,"6":1,"7":1,"8":1,"9":1,"10":1,"11":1,"12":1,"13":1,"14":1,"15":1,"16":1,"17":1,"18":1,"19":1,"20":1,"21":1,"22":1,"23":1,"24":1,"25":1,"26":1,"27":3,"28":3,"29":3,"30":3,"31":3,"32":3,"33":3,"34":3,"35":3,"36":3,"37":3,"38":3,"39":3,"40":3,"41":3,"42":3,"43":3,"44":3,"45":3,"46":3,"47":3,"48":3,"49":3,"50":3,"51":3,"52":3,"53":3,"54":1,"55":1,"56":1,"57":1,"58":1,"59":1,"60":1,"61":1,"62":1,"63":1,"64":1,"65":1,"66":1,"67":1,"68":1,"69":1,"70":1,"71":1,"72":1,"73":1,"74":1,"75":1,"76":1,"77":1,"78":1,"79":1,"80":1,"81":1,"82":1,"83":1,"84":1,"85":1,"86":1,"87":1,"88":1,"89":1,"90":1,"91":1,"92":1,"93":1,"94":1,"95":1,"96":1,"97":1,"98":1,"99":1,"100":1,"101":1,"102":1,"103":1,"104":1,"105":7,"106":7,"107":7},"f":{"0":1,"1":3,"2":1,"3":1,"4":1,"5":7},"b":{"0":[0],"1":[0],"2":[1,0],"3":[1,0],"4":[1,0],"5":[1,0],"6":[1,0],"7":[0],"8":[0],"9":[3,0],"10":[3,0],"11":[2,1],"12":[2,1],"13":[2,1],"14":[2,1],"15":[0],"16":[0],"17":[1,0],"18":[1,0],"19":[1,0],"20":[1,0],"21":[0],"22":[0],"23":[0],"24":[0],"25":[7,0],"26":[7,0],"27":[7,7],"28":[7,0],"29":[7,0],"30":[7,0],"31":[7,7],"32":[7,7],"33":[0,7],"34":[0,7],"35":[0,7]},"_coverageSchema":"1a1c01bbd47fc00a2c39e90264f33305004495a9","hash":"5f1f16e7868b08d775c2d9b993843d823cb78d5b"}
}
