TN:
SF:src\ScratchComponent.js
FN:13,(anonymous_0)
FN:28,(anonymous_1)
FN:39,(anonymous_2)
FN:51,(anonymous_3)
FN:74,(anonymous_4)
FN:79,(anonymous_5)
FN:84,(anonymous_6)
FN:91,(anonymous_7)
FN:101,(anonymous_8)
FN:103,(anonymous_9)
FN:109,(anonymous_10)
FN:115,(anonymous_11)
FN:124,(anonymous_12)
FN:126,(anonymous_13)
FN:136,(anonymous_14)
FN:146,(anonymous_15)
FN:159,(anonymous_16)
FN:168,(anonymous_17)
FN:174,(anonymous_18)
FN:179,(anonymous_19)
FN:195,(anonymous_20)
FN:206,(anonymous_21)
FN:226,(anonymous_22)
FN:231,(anonymous_23)
FN:238,(anonymous_24)
FN:253,(anonymous_25)
FN:261,(anonymous_26)
FN:272,(anonymous_27)
FN:286,(anonymous_28)
FN:297,(anonymous_29)
FN:308,(anonymous_30)
FN:311,(anonymous_31)
FN:323,(anonymous_32)
FN:327,(anonymous_33)
FN:337,(anonymous_34)
FN:352,(anonymous_35)
FN:366,(anonymous_36)
FN:377,(anonymous_37)
FN:391,(anonymous_38)
FN:406,(anonymous_39)
FN:424,(anonymous_40)
FN:429,(anonymous_41)
FN:435,(anonymous_42)
FN:441,(anonymous_43)
FN:447,(anonymous_44)
FN:463,(anonymous_45)
FN:475,(anonymous_46)
FN:489,(anonymous_47)
FN:490,(anonymous_48)
FN:493,(anonymous_49)
FN:508,(anonymous_50)
FN:522,(anonymous_51)
FN:537,(anonymous_52)
FN:551,(anonymous_53)
FN:566,(anonymous_54)
FN:576,(anonymous_55)
FN:589,(anonymous_56)
FN:595,(anonymous_57)
FN:604,(anonymous_58)
FN:608,(anonymous_59)
FN:621,(anonymous_60)
FN:625,(anonymous_61)
FN:633,(anonymous_62)
FN:639,(anonymous_63)
FN:651,(anonymous_64)
FN:667,(anonymous_65)
FNF:66
FNH:10
FNDA:10,(anonymous_0)
FNDA:7,(anonymous_1)
FNDA:0,(anonymous_2)
FNDA:7,(anonymous_3)
FNDA:7,(anonymous_4)
FNDA:0,(anonymous_5)
FNDA:7,(anonymous_6)
FNDA:7,(anonymous_7)
FNDA:7,(anonymous_8)
FNDA:0,(anonymous_9)
FNDA:0,(anonymous_10)
FNDA:0,(anonymous_11)
FNDA:7,(anonymous_12)
FNDA:0,(anonymous_13)
FNDA:0,(anonymous_14)
FNDA:0,(anonymous_15)
FNDA:7,(anonymous_16)
FNDA:7,(anonymous_17)
FNDA:0,(anonymous_18)
FNDA:0,(anonymous_19)
FNDA:0,(anonymous_20)
FNDA:0,(anonymous_21)
FNDA:0,(anonymous_22)
FNDA:0,(anonymous_23)
FNDA:0,(anonymous_24)
FNDA:0,(anonymous_25)
FNDA:0,(anonymous_26)
FNDA:0,(anonymous_27)
FNDA:0,(anonymous_28)
FNDA:0,(anonymous_29)
FNDA:0,(anonymous_30)
FNDA:0,(anonymous_31)
FNDA:0,(anonymous_32)
FNDA:0,(anonymous_33)
FNDA:0,(anonymous_34)
FNDA:0,(anonymous_35)
FNDA:0,(anonymous_36)
FNDA:0,(anonymous_37)
FNDA:0,(anonymous_38)
FNDA:0,(anonymous_39)
FNDA:0,(anonymous_40)
FNDA:0,(anonymous_41)
FNDA:0,(anonymous_42)
FNDA:0,(anonymous_43)
FNDA:0,(anonymous_44)
FNDA:0,(anonymous_45)
FNDA:0,(anonymous_46)
FNDA:0,(anonymous_47)
FNDA:0,(anonymous_48)
FNDA:0,(anonymous_49)
FNDA:0,(anonymous_50)
FNDA:0,(anonymous_51)
FNDA:0,(anonymous_52)
FNDA:0,(anonymous_53)
FNDA:0,(anonymous_54)
FNDA:0,(anonymous_55)
FNDA:0,(anonymous_56)
FNDA:0,(anonymous_57)
FNDA:0,(anonymous_58)
FNDA:0,(anonymous_59)
FNDA:0,(anonymous_60)
FNDA:0,(anonymous_61)
FNDA:0,(anonymous_62)
FNDA:0,(anonymous_63)
FNDA:0,(anonymous_64)
FNDA:0,(anonymous_65)
DA:9,1
DA:10,1
DA:14,10
DA:15,7
DA:16,3
DA:17,0
DA:19,3
DA:22,7
DA:23,7
DA:24,7
DA:29,7
DA:30,7
DA:31,7
DA:32,7
DA:33,7
DA:34,7
DA:35,7
DA:36,7
DA:40,0
DA:41,0
DA:42,0
DA:43,0
DA:44,0
DA:45,0
DA:46,0
DA:47,0
DA:48,0
DA:52,7
DA:53,7
DA:54,7
DA:55,7
DA:56,7
DA:57,7
DA:58,7
DA:59,7
DA:60,7
DA:61,7
DA:62,7
DA:63,7
DA:64,7
DA:65,7
DA:66,7
DA:67,7
DA:68,7
DA:69,7
DA:70,7
DA:71,7
DA:75,7
DA:76,7
DA:80,0
DA:81,0
DA:85,7
DA:86,7
DA:87,7
DA:88,7
DA:92,7
DA:93,7
DA:94,7
DA:95,7
DA:96,7
DA:97,7
DA:98,7
DA:102,7
DA:104,0
DA:105,0
DA:106,0
DA:107,0
DA:110,0
DA:111,0
DA:112,0
DA:113,0
DA:116,0
DA:117,0
DA:118,0
DA:119,0
DA:125,7
DA:127,0
DA:128,0
DA:129,0
DA:130,0
DA:131,0
DA:133,0
DA:137,0
DA:138,0
DA:139,0
DA:140,0
DA:141,0
DA:143,0
DA:147,0
DA:148,0
DA:149,0
DA:150,0
DA:151,0
DA:153,0
DA:160,7
DA:169,7
DA:170,7
DA:171,7
DA:175,0
DA:176,0
DA:177,0
DA:179,0
DA:180,0
DA:181,0
DA:182,0
DA:183,0
DA:186,0
DA:187,0
DA:189,0
DA:190,0
DA:192,0
DA:195,0
DA:196,0
DA:197,0
DA:198,0
DA:199,0
DA:202,0
DA:203,0
DA:207,0
DA:215,0
DA:216,0
DA:218,0
DA:219,0
DA:221,0
DA:222,0
DA:227,0
DA:228,0
DA:232,0
DA:233,0
DA:234,0
DA:239,0
DA:240,0
DA:241,0
DA:242,0
DA:243,0
DA:245,0
DA:246,0
DA:247,0
DA:248,0
DA:249,0
DA:254,0
DA:255,0
DA:256,0
DA:257,0
DA:258,0
DA:262,0
DA:264,0
DA:266,0
DA:268,0
DA:269,0
DA:273,0
DA:287,0
DA:289,0
DA:290,0
DA:291,0
DA:292,0
DA:298,0
DA:299,0
DA:300,0
DA:301,0
DA:302,0
DA:303,0
DA:304,0
DA:305,0
DA:308,0
DA:312,0
DA:314,0
DA:315,0
DA:317,0
DA:320,0
DA:324,0
DA:326,0
DA:327,0
DA:329,0
DA:330,0
DA:331,0
DA:332,0
DA:334,0
DA:338,0
DA:340,0
DA:341,0
DA:343,0
DA:345,0
DA:347,0
DA:349,0
DA:353,0
DA:355,0
DA:357,0
DA:358,0
DA:361,0
DA:362,0
DA:367,0
DA:368,0
DA:370,0
DA:374,0
DA:378,0
DA:380,0
DA:382,0
DA:383,0
DA:384,0
DA:385,0
DA:386,0
DA:388,0
DA:392,0
DA:394,0
DA:395,0
DA:396,0
DA:397,0
DA:398,0
DA:399,0
DA:400,0
DA:401,0
DA:402,0
DA:407,0
DA:408,0
DA:409,0
DA:411,0
DA:412,0
DA:413,0
DA:414,0
DA:415,0
DA:416,0
DA:417,0
DA:418,0
DA:419,0
DA:420,0
DA:425,0
DA:426,0
DA:430,0
DA:431,0
DA:436,0
DA:437,0
DA:442,0
DA:443,0
DA:448,0
DA:449,0
DA:451,0
DA:453,0
DA:454,0
DA:456,0
DA:458,0
DA:459,0
DA:460,0
DA:464,0
DA:469,0
DA:476,0
DA:478,0
DA:479,0
DA:482,0
DA:483,0
DA:486,0
DA:490,0
DA:494,0
DA:495,0
DA:497,0
DA:498,0
DA:499,0
DA:500,0
DA:501,0
DA:503,0
DA:504,0
DA:505,0
DA:509,0
DA:510,0
DA:511,0
DA:513,0
DA:514,0
DA:515,0
DA:517,0
DA:518,0
DA:523,0
DA:524,0
DA:526,0
DA:527,0
DA:528,0
DA:529,0
DA:530,0
DA:532,0
DA:533,0
DA:534,0
DA:538,0
DA:539,0
DA:540,0
DA:543,0
DA:544,0
DA:545,0
DA:546,0
DA:547,0
DA:552,0
DA:553,0
DA:555,0
DA:556,0
DA:557,0
DA:558,0
DA:559,0
DA:561,0
DA:562,0
DA:563,0
DA:567,0
DA:568,0
DA:569,0
DA:570,0
DA:571,0
DA:572,0
DA:577,0
DA:578,0
DA:579,0
DA:582,0
DA:583,0
DA:584,0
DA:585,0
DA:590,0
DA:592,0
DA:596,0
DA:597,0
DA:598,0
DA:599,0
DA:605,0
DA:609,0
DA:622,0
DA:626,0
DA:634,0
DA:635,0
DA:636,0
DA:640,0
DA:642,0
DA:644,0
DA:645,0
DA:646,0
DA:648,0
DA:652,0
DA:656,0
DA:660,0
DA:668,0
DA:669,0
DA:670,0
DA:671,0
LF:337
LH:56
BRDA:13,0,0,9
BRDA:14,1,0,7
BRDA:14,1,1,3
BRDA:16,2,0,0
BRDA:16,2,1,3
BRDA:22,3,0,7
BRDA:22,3,1,0
BRDA:96,4,0,4
BRDA:96,4,1,3
BRDA:97,5,0,3
BRDA:97,5,1,4
BRDA:104,6,0,0
BRDA:104,6,1,0
BRDA:110,7,0,0
BRDA:110,7,1,0
BRDA:116,8,0,0
BRDA:116,8,1,0
BRDA:127,9,0,0
BRDA:127,9,1,0
BRDA:130,10,0,0
BRDA:130,10,1,0
BRDA:137,11,0,0
BRDA:137,11,1,0
BRDA:140,12,0,0
BRDA:140,12,1,0
BRDA:147,13,0,0
BRDA:147,13,1,0
BRDA:150,14,0,0
BRDA:150,14,1,0
BRDA:164,15,0,7
BRDA:164,15,1,6
BRDA:169,16,0,0
BRDA:169,16,1,7
BRDA:175,17,0,0
BRDA:175,17,1,0
BRDA:180,18,0,0
BRDA:180,18,1,0
BRDA:181,19,0,0
BRDA:181,19,1,0
BRDA:196,20,0,0
BRDA:196,20,1,0
BRDA:197,21,0,0
BRDA:197,21,1,0
BRDA:202,22,0,0
BRDA:202,22,1,0
BRDA:203,23,0,0
BRDA:203,23,1,0
BRDA:209,24,0,0
BRDA:209,24,1,0
BRDA:215,25,0,0
BRDA:215,25,1,0
BRDA:218,26,0,0
BRDA:218,26,1,0
BRDA:221,27,0,0
BRDA:221,27,1,0
BRDA:232,28,0,0
BRDA:232,28,1,0
BRDA:239,29,0,0
BRDA:239,29,1,0
BRDA:255,30,0,0
BRDA:255,30,1,0
BRDA:255,31,0,0
BRDA:255,31,1,0
BRDA:256,32,0,0
BRDA:256,32,1,0
BRDA:256,33,0,0
BRDA:256,33,1,0
BRDA:257,34,0,0
BRDA:257,34,1,0
BRDA:257,35,0,0
BRDA:257,35,1,0
BRDA:289,36,0,0
BRDA:289,36,1,0
BRDA:291,37,0,0
BRDA:291,37,1,0
BRDA:299,38,0,0
BRDA:299,38,1,0
BRDA:299,39,0,0
BRDA:299,39,1,0
BRDA:302,40,0,0
BRDA:302,40,1,0
BRDA:304,41,0,0
BRDA:304,41,1,0
BRDA:315,42,0,0
BRDA:315,42,1,0
BRDA:315,43,0,0
BRDA:315,43,1,0
BRDA:324,44,0,0
BRDA:324,44,1,0
BRDA:324,45,0,0
BRDA:324,45,1,0
BRDA:329,46,0,0
BRDA:329,46,1,0
BRDA:338,47,0,0
BRDA:338,47,1,0
BRDA:340,48,0,0
BRDA:340,48,1,0
BRDA:340,49,0,0
BRDA:340,49,1,0
BRDA:340,49,2,0
BRDA:343,50,0,0
BRDA:343,50,1,0
BRDA:343,51,0,0
BRDA:343,51,1,0
BRDA:345,52,0,0
BRDA:345,52,1,0
BRDA:345,53,0,0
BRDA:345,53,1,0
BRDA:347,54,0,0
BRDA:347,54,1,0
BRDA:347,55,0,0
BRDA:347,55,1,0
BRDA:353,56,0,0
BRDA:353,56,1,0
BRDA:357,57,0,0
BRDA:357,57,1,0
BRDA:361,58,0,0
BRDA:361,58,1,0
BRDA:368,59,0,0
BRDA:368,59,1,0
BRDA:368,60,0,0
BRDA:368,60,1,0
BRDA:378,61,0,0
BRDA:378,61,1,0
BRDA:378,62,0,0
BRDA:378,62,1,0
BRDA:378,62,2,0
BRDA:378,62,3,0
BRDA:378,62,4,0
BRDA:383,63,0,0
BRDA:383,63,1,0
BRDA:383,64,0,0
BRDA:383,64,1,0
BRDA:394,65,0,0
BRDA:394,65,1,0
BRDA:397,66,0,0
BRDA:397,66,1,0
BRDA:400,67,0,0
BRDA:400,67,1,0
BRDA:412,68,0,0
BRDA:412,68,1,0
BRDA:415,69,0,0
BRDA:415,69,1,0
BRDA:418,70,0,0
BRDA:418,70,1,0
BRDA:430,71,0,0
BRDA:430,71,1,0
BRDA:436,72,0,0
BRDA:436,72,1,0
BRDA:442,73,0,0
BRDA:442,73,1,0
BRDA:447,74,0,0
BRDA:465,75,0,0
BRDA:465,75,1,0
BRDA:470,76,0,0
BRDA:470,76,1,0
BRDA:478,77,0,0
BRDA:478,77,1,0
BRDA:478,78,0,0
BRDA:478,78,1,0
BRDA:482,79,0,0
BRDA:482,79,1,0
BRDA:482,80,0,0
BRDA:482,80,1,0
BRDA:494,81,0,0
BRDA:494,81,1,0
BRDA:494,82,0,0
BRDA:494,82,1,0
BRDA:494,82,2,0
BRDA:494,82,3,0
BRDA:509,83,0,0
BRDA:509,83,1,0
BRDA:510,84,0,0
BRDA:510,84,1,0
BRDA:523,85,0,0
BRDA:523,85,1,0
BRDA:523,86,0,0
BRDA:523,86,1,0
BRDA:523,86,2,0
BRDA:523,86,3,0
BRDA:538,87,0,0
BRDA:538,87,1,0
BRDA:539,88,0,0
BRDA:539,88,1,0
BRDA:552,89,0,0
BRDA:552,89,1,0
BRDA:552,90,0,0
BRDA:552,90,1,0
BRDA:552,90,2,0
BRDA:567,91,0,0
BRDA:567,91,1,0
BRDA:569,92,0,0
BRDA:569,92,1,0
BRDA:571,93,0,0
BRDA:571,93,1,0
BRDA:577,94,0,0
BRDA:577,94,1,0
BRDA:578,95,0,0
BRDA:578,95,1,0
BRDA:590,96,0,0
BRDA:590,96,1,0
BRDA:597,97,0,0
BRDA:597,97,1,0
BRDA:614,98,0,0
BRDA:614,98,1,0
BRDA:652,99,0,0
BRDA:652,99,1,0
BRDA:656,100,0,0
BRDA:656,100,1,0
BRDA:667,101,0,0
BRDA:669,102,0,0
BRDA:669,102,1,0
BRDA:670,103,0,0
BRDA:670,103,1,0
BRDA:671,104,0,0
BRDA:671,104,1,0
BRF:216
BRH:12
end_of_record
TN:
SF:src\ScratchComponentDefaults.js
FNF:0
FNH:0
LF:0
LH:0
BRF:0
BRH:0
end_of_record
TN:
SF:src\util\DOM.js
FN:2,(anonymous_0)
FN:9,(anonymous_1)
FN:14,(anonymous_2)
FNF:3
FNH:2
FNDA:7,(anonymous_0)
FNDA:1,(anonymous_1)
FNDA:0,(anonymous_2)
DA:3,7
DA:4,7
DA:5,7
DA:10,1
DA:13,1
DA:14,0
DA:19,1
DA:20,0
DA:25,1
DA:26,1
LF:10
LH:8
BRDA:5,0,0,7
BRDA:5,0,1,0
BRDA:13,1,0,0
BRDA:13,1,1,1
BRDA:19,2,0,0
BRDA:19,2,1,1
BRDA:19,3,0,1
BRDA:19,3,1,1
BRDA:19,3,2,0
BRDA:26,4,0,0
BRDA:26,4,1,1
BRF:11
BRH:6
end_of_record
TN:
SF:src\util\component.js
FN:6,(anonymous_0)
FN:18,(anonymous_1)
FN:25,(anonymous_2)
FN:36,(anonymous_3)
FN:47,(anonymous_4)
FN:56,(anonymous_5)
FN:60,(anonymous_6)
FN:77,(anonymous_7)
FN:101,(anonymous_8)
FN:115,(anonymous_9)
FN:118,(anonymous_10)
FN:122,(anonymous_11)
FN:126,(anonymous_12)
FN:133,(anonymous_13)
FNF:14
FNH:7
FNDA:0,(anonymous_0)
FNDA:0,(anonymous_1)
FNDA:0,(anonymous_2)
FNDA:0,(anonymous_3)
FNDA:0,(anonymous_4)
FNDA:10,(anonymous_5)
FNDA:7,(anonymous_6)
FNDA:7,(anonymous_7)
FNDA:28,(anonymous_8)
FNDA:14,(anonymous_9)
FNDA:84,(anonymous_10)
FNDA:84,(anonymous_11)
FNDA:0,(anonymous_12)
FNDA:0,(anonymous_13)
DA:7,0
DA:8,0
DA:10,0
DA:19,0
DA:21,0
DA:26,0
DA:33,0
DA:37,0
DA:44,0
DA:49,0
DA:51,0
DA:57,10
DA:61,7
DA:62,7
DA:64,7
DA:65,7
DA:66,7
DA:68,7
DA:78,7
DA:84,7
DA:87,7
DA:90,7
DA:93,7
DA:98,7
DA:102,28
DA:117,14
DA:119,84
DA:122,84
DA:129,0
DA:134,0
DA:135,0
DA:137,0
LF:32
LH:17
BRDA:19,0,0,0
BRDA:19,0,1,0
BRDA:19,1,0,0
BRDA:19,1,1,0
BRDA:21,2,0,0
BRDA:21,2,1,0
BRDA:51,3,0,0
BRDA:51,3,1,0
BRDA:51,3,2,0
BRDA:51,3,3,0
BRDA:51,3,4,0
BRDA:51,3,5,0
BRDA:57,4,0,10
BRDA:57,4,1,9
BRDA:103,5,0,21
BRDA:103,5,1,7
BRDA:105,6,0,21
BRDA:105,6,1,0
BRDA:106,7,0,21
BRDA:106,7,1,0
BRDA:107,8,0,21
BRDA:107,8,1,0
BRDA:108,9,0,21
BRDA:108,9,1,7
BRDA:109,10,0,21
BRDA:109,10,1,7
BRDA:115,11,0,0
BRDA:115,12,0,0
BRDA:116,13,0,0
BRDA:116,14,0,7
BRDA:119,15,0,49
BRDA:119,15,1,35
BRDA:134,16,0,0
BRDA:134,16,1,0
BRDA:135,17,0,0
BRDA:135,17,1,0
BRF:36
BRH:14
end_of_record
TN:
SF:src\util\object.js
FN:3,(anonymous_0)
FN:4,(anonymous_1)
FN:6,(anonymous_2)
FN:15,(anonymous_3)
FN:16,(anonymous_4)
FN:29,(anonymous_5)
FN:30,(anonymous_6)
FN:34,(anonymous_7)
FN:41,(anonymous_8)
FN:45,(anonymous_9)
FN:49,(anonymous_10)
FN:57,(anonymous_11)
FN:59,(anonymous_12)
FNF:13
FNH:12
FNDA:14,(anonymous_0)
FNDA:49,(anonymous_1)
FNDA:0,(anonymous_2)
FNDA:94,(anonymous_3)
FNDA:369,(anonymous_4)
FNDA:16,(anonymous_5)
FNDA:56,(anonymous_6)
FNDA:7,(anonymous_7)
FNDA:484,(anonymous_8)
FNDA:49,(anonymous_9)
FNDA:30,(anonymous_10)
FNDA:28,(anonymous_11)
FNDA:20,(anonymous_12)
DA:4,14
DA:5,49
DA:6,0
DA:7,49
DA:8,7
DA:10,42
DA:16,94
DA:17,369
DA:18,66
DA:19,63
DA:22,66
DA:24,303
DA:30,56
DA:35,7
DA:36,7
DA:37,7
DA:42,484
DA:46,49
DA:50,30
DA:52,8
DA:53,8
DA:55,8
DA:57,28
DA:59,20
LF:24
LH:23
BRDA:5,0,0,0
BRDA:5,0,1,49
BRDA:7,1,0,7
BRDA:7,1,1,42
BRDA:17,2,0,66
BRDA:17,2,1,303
BRDA:18,3,0,63
BRDA:18,3,1,3
BRDA:42,4,0,484
BRDA:42,4,1,484
BRDA:42,4,2,76
BRDA:46,5,0,49
BRDA:46,5,1,0
BRDA:50,6,0,22
BRDA:50,6,1,8
BRDA:50,7,0,30
BRDA:50,7,1,8
BRDA:55,8,0,0
BRDA:55,8,1,8
BRDA:59,9,0,8
BRDA:59,9,1,0
BRDA:59,10,0,0
BRDA:59,11,0,20
BRDA:59,11,1,16
BRF:24
BRH:19
end_of_record
TN:
SF:src\util\scratchShape.js
FN:16,(anonymous_0)
FN:88,(anonymous_1)
FN:176,(anonymous_2)
FN:228,(anonymous_3)
FN:275,(anonymous_4)
FN:322,(anonymous_5)
FNF:6
FNH:6
FNDA:1,(anonymous_0)
FNDA:3,(anonymous_1)
FNDA:1,(anonymous_2)
FNDA:1,(anonymous_3)
FNDA:1,(anonymous_4)
FNDA:7,(anonymous_5)
DA:3,1
DA:17,1
DA:18,1
DA:19,1
DA:20,1
DA:21,1
DA:22,1
DA:23,1
DA:24,1
DA:25,1
DA:26,1
DA:27,1
DA:28,1
DA:29,1
DA:30,1
DA:31,1
DA:32,1
DA:33,1
DA:34,1
DA:35,1
DA:36,1
DA:37,1
DA:38,1
DA:40,1
DA:55,1
DA:56,1
DA:59,1
DA:89,3
DA:91,3
DA:92,3
DA:93,3
DA:94,3
DA:95,3
DA:96,3
DA:97,3
DA:98,3
DA:99,3
DA:100,3
DA:101,3
DA:102,3
DA:103,3
DA:104,3
DA:105,3
DA:106,3
DA:107,3
DA:108,3
DA:109,3
DA:110,3
DA:111,3
DA:112,3
DA:114,3
DA:135,3
DA:136,3
DA:140,3
DA:177,1
DA:179,1
DA:180,1
DA:181,1
DA:182,1
DA:183,1
DA:184,1
DA:185,1
DA:186,1
DA:187,1
DA:188,1
DA:189,1
DA:190,1
DA:191,1
DA:192,1
DA:194,1
DA:201,1
DA:202,1
DA:205,1
DA:229,1
DA:231,1
DA:232,1
DA:233,1
DA:234,1
DA:235,1
DA:236,1
DA:237,1
DA:238,1
DA:239,1
DA:240,1
DA:241,1
DA:243,1
DA:249,1
DA:250,1
DA:252,1
DA:276,1
DA:278,1
DA:279,1
DA:280,1
DA:281,1
DA:282,1
DA:283,1
DA:284,1
DA:285,1
DA:286,1
DA:287,1
DA:288,1
DA:290,1
DA:296,1
DA:297,1
DA:299,1
DA:323,7
DA:324,7
DA:326,7
LF:108
LH:108
BRDA:16,0,0,0
BRDA:16,1,0,0
BRDA:47,2,0,1
BRDA:47,2,1,0
BRDA:51,3,0,1
BRDA:51,3,1,0
BRDA:57,4,0,1
BRDA:57,4,1,0
BRDA:65,5,0,1
BRDA:65,5,1,0
BRDA:81,6,0,1
BRDA:81,6,1,0
BRDA:88,7,0,0
BRDA:88,8,0,0
BRDA:120,9,0,3
BRDA:120,9,1,0
BRDA:127,10,0,3
BRDA:127,10,1,0
BRDA:131,11,0,2
BRDA:131,11,1,1
BRDA:138,12,0,2
BRDA:138,12,1,1
BRDA:145,13,0,2
BRDA:145,13,1,1
BRDA:169,14,0,2
BRDA:169,14,1,1
BRDA:176,15,0,0
BRDA:176,16,0,0
BRDA:197,17,0,1
BRDA:197,17,1,0
BRDA:203,18,0,1
BRDA:203,18,1,0
BRDA:210,19,0,1
BRDA:210,19,1,0
BRDA:221,20,0,1
BRDA:221,20,1,0
BRDA:228,21,0,0
BRDA:228,22,0,0
BRDA:275,23,0,0
BRDA:275,24,0,0
BRDA:323,25,0,7
BRDA:323,25,1,0
BRDA:324,26,0,7
BRDA:324,26,1,0
BRDA:327,27,0,7
BRDA:327,27,1,7
BRDA:328,28,0,7
BRDA:328,28,1,0
BRDA:329,29,0,7
BRDA:329,29,1,0
BRDA:330,30,0,7
BRDA:330,30,1,0
BRDA:331,31,0,7
BRDA:331,31,1,7
BRDA:332,32,0,7
BRDA:332,32,1,7
BRDA:334,33,0,0
BRDA:334,33,1,7
BRDA:335,34,0,0
BRDA:335,34,1,7
BRDA:336,35,0,0
BRDA:336,35,1,7
BRF:62
BRH:33
end_of_record
